[35m[1mConsolidate compiler generated dependencies of target go_to_goal[0m
[ 50%] [32mBuilding CXX object CMakeFiles/go_to_goal.dir/src/goto_server.cpp.o[0m
[01m[K/home/fssja/ros2-project/src/two_server_controllers/src/goto_server.cpp:[m[K In member function â€˜[01m[Kvoid GoToGoal::go_to(std::shared_ptr<custom_interfaces::srv::Goto_Request_<std::allocator<void> > >, std::shared_ptr<custom_interfaces::srv::Goto_Response_<std::allocator<void> > >)[m[Kâ€™:
[01m[K/home/fssja/ros2-project/src/two_server_controllers/src/goto_server.cpp:38:15:[m[K [01;31m[Kerror: [m[Kâ€˜[01m[Kusing element_type = struct custom_interfaces::srv::Goto_Response_<std::allocator<void> >[m[Kâ€™ {aka â€˜[01m[Kstruct custom_interfaces::srv::Goto_Response_<std::allocator<void> >[m[Kâ€™} has no member named â€˜[01m[Ksuccess[m[Kâ€™; did you mean â€˜[01m[Ksucces[m[Kâ€™?
   38 |     response->[01;31m[Ksuccess[m[K = move_to_goal();
      |               [01;31m[K^~~~~~~[m[K
      |               [32m[Ksucces[m[K
gmake[2]: *** [CMakeFiles/go_to_goal.dir/build.make:76: CMakeFiles/go_to_goal.dir/src/goto_server.cpp.o] Error 1
gmake[1]: *** [CMakeFiles/Makefile2:137: CMakeFiles/go_to_goal.dir/all] Error 2
gmake: *** [Makefile:146: all] Error 2
