[0.034s] Invoking command in '/home/fssja/ros2-project/build/two_server_controllers': CMAKE_PREFIX_PATH=${CMAKE_PREFIX_PATH}:/home/fssja/turtlebot3_ws/install/turtlebot3_teleop:/home/fssja/turtlebot3_ws/install/turtlebot3_example:/opt/ros/humble /usr/bin/cmake --build /home/fssja/ros2-project/build/two_server_controllers -- -j2 -l2
[0.123s] [35m[1mConsolidate compiler generated dependencies of target go_to[0m
[0.161s] [ 50%] [32mBuilding CXX object CMakeFiles/go_to.dir/src/goto.cpp.o[0m
[5.635s] [01m[K/home/fssja/ros2-project/src/two_server_controllers/src/goto.cpp:6:28:[m[K [01;31m[Kerror: [m[Kexpected â€˜[01m[K;[m[Kâ€™ before â€˜[01m[Kclass[m[Kâ€™
[5.635s]     6 | using std::placeholders::_1
[5.635s]       |                            [01;31m[K^[m[K
[5.635s]       |                            [32m[K;[m[K
[5.636s]     7 | 
[5.636s]     8 | [32m[Kclass[m[K GoToGoal : public rclcpp::Node
[5.636s]       | [32m[K~~~~~[m[K                       
[5.745s] [01m[K/home/fssja/ros2-project/src/two_server_controllers/src/goto.cpp:[m[K In constructor â€˜[01m[KGoToGoal::GoToGoal()[m[Kâ€™:
[5.745s] [01m[K/home/fssja/ros2-project/src/two_server_controllers/src/goto.cpp:17:11:[m[K [01;31m[Kerror: [m[Kparse error in template argument list
[5.745s]    17 |     this->[01;31m[Kcreate_subscription<turtlesim::msg:::Pose>[m[K("/turtle1/pose", 10, std::bind(&GoToGoal::pose_callback, this, _1));
[5.746s]       |           [01;31m[K^~~~~~~~~~~~~~~~~~~~~~~~~~~~~~~~~~~~~~~~~~[m[K
[5.757s] [01m[K/home/fssja/ros2-project/src/two_server_controllers/src/goto.cpp:17:53:[m[K [01;31m[Kerror: [m[Kno matching function for call to â€˜[01m[KGoToGoal::create_subscription<<expression error> >(const char [14], int, std::_Bind_helper<false, void (GoToGoal::*)(std::shared_ptr<turtlesim::msg::Pose_<std::allocator<void> > >), GoToGoal*, const std::_Placeholder<1>&>::type)[m[Kâ€™
[5.758s]    17 |     [01;31m[Kthis->create_subscription<turtlesim::msg:::Pose>("/turtle1/pose", 10, std::bind(&GoToGoal::pose_callback, this, _1))[m[K;
[5.758s]       |     [01;31m[K~~~~~~~~~~~~~~~~~~~~~~~~~~~~~~~~~~~~~~~~~~~~~~~~^~~~~~~~~~~~~~~~~~~~~~~~~~~~~~~~~~~~~~~~~~~~~~~~~~~~~~~~~~~~~~~~~~~~[m[K
[5.758s] In file included from [01m[K/opt/ros/humble/include/rclcpp/rclcpp/executors/single_threaded_executor.hpp:28[m[K,
[5.758s]                  from [01m[K/opt/ros/humble/include/rclcpp/rclcpp/executors.hpp:22[m[K,
[5.759s]                  from [01m[K/opt/ros/humble/include/rclcpp/rclcpp/rclcpp.hpp:155[m[K,
[5.759s]                  from [01m[K/home/fssja/ros2-project/src/two_server_controllers/src/goto.cpp:1[m[K:
[5.759s] [01m[K/opt/ros/humble/include/rclcpp/rclcpp/node.hpp:219:3:[m[K [01;36m[Knote: [m[Kcandidate: â€˜[01m[Ktemplate<class MessageT, class CallbackT, class AllocatorT, class SubscriptionT, class MessageMemoryStrategyT> std::shared_ptr<ROSMessageT> rclcpp::Node::create_subscription(const string&, const rclcpp::QoS&, CallbackT&&, const rclcpp::SubscriptionOptionsWithAllocator<AllocatorT>&, typename MessageMemoryStrategyT::SharedPtr)[m[Kâ€™
[5.759s]   219 |   [01;36m[Kcreate_subscription[m[K(
[5.759s]       |   [01;36m[K^~~~~~~~~~~~~~~~~~~[m[K
[5.759s] [01m[K/opt/ros/humble/include/rclcpp/rclcpp/node.hpp:219:3:[m[K [01;36m[Knote: [m[K  template argument deduction/substitution failed:
[5.760s] [01m[K/home/fssja/ros2-project/src/two_server_controllers/src/goto.cpp:17:53:[m[K [01;31m[Kerror: [m[Ktemplate argument 1 is invalid
[5.760s]    17 |     [01;31m[Kthis->create_subscription<turtlesim::msg:::Pose>("/turtle1/pose", 10, std::bind(&GoToGoal::pose_callback, this, _1))[m[K;
[5.760s]       |     [01;31m[K~~~~~~~~~~~~~~~~~~~~~~~~~~~~~~~~~~~~~~~~~~~~~~~~^~~~~~~~~~~~~~~~~~~~~~~~~~~~~~~~~~~~~~~~~~~~~~~~~~~~~~~~~~~~~~~~~~~~[m[K
[7.702s] gmake[2]: *** [CMakeFiles/go_to.dir/build.make:76: CMakeFiles/go_to.dir/src/goto.cpp.o] Error 1
[7.704s] gmake[1]: *** [CMakeFiles/Makefile2:137: CMakeFiles/go_to.dir/all] Error 2
[7.705s] gmake: *** [Makefile:146: all] Error 2
[7.707s] Invoked command in '/home/fssja/ros2-project/build/two_server_controllers' returned '2': CMAKE_PREFIX_PATH=${CMAKE_PREFIX_PATH}:/home/fssja/turtlebot3_ws/install/turtlebot3_teleop:/home/fssja/turtlebot3_ws/install/turtlebot3_example:/opt/ros/humble /usr/bin/cmake --build /home/fssja/ros2-project/build/two_server_controllers -- -j2 -l2
