[0.315s] Invoking command in '/home/fssja/ros2-project/build/two_server_controllers': CMAKE_PREFIX_PATH=${CMAKE_PREFIX_PATH}:/home/fssja/turtlebot3_ws/install/turtlebot3_teleop:/home/fssja/turtlebot3_ws/install/turtlebot3_example:/opt/ros/humble /usr/bin/cmake --build /home/fssja/ros2-project/build/two_server_controllers -- -j2 -l2
[0.428s] [35m[1mConsolidate compiler generated dependencies of target go_to[0m
[0.509s] [ 50%] [32mBuilding CXX object CMakeFiles/go_to.dir/src/go_to.cpp.o[0m
[7.625s] [01m[K/home/fssja/ros2-project/src/two_server_controllers/src/go_to.cpp:34:50:[m[K [01;31m[Kerror: [m[Kâ€˜[01m[KSharePtr[m[Kâ€™ in â€˜[01m[Kusing Pose = struct turtlesim::msg::Pose_<std::allocator<void> >[m[Kâ€™ {aka â€˜[01m[Kstruct turtlesim::msg::Pose_<std::allocator<void> >[m[Kâ€™} does not name a type
[7.625s]    34 |   void pose_callback(const turtlesim::msg::Pose::[01;31m[KSharePtr[m[K pose)
[7.626s]       |                                                  [01;31m[K^~~~~~~~[m[K
[7.751s] [01m[K/home/fssja/ros2-project/src/two_server_controllers/src/go_to.cpp:[m[K In constructor â€˜[01m[Kgo_to::go_to()[m[Kâ€™:
[7.752s] [01m[K/home/fssja/ros2-project/src/two_server_controllers/src/go_to.cpp:14:5:[m[K [01;31m[Kerror: [m[Kâ€˜[01m[Kvelocity_publisher[m[Kâ€™ was not declared in this scope; did you mean â€˜[01m[Kvelocity_publisher_[m[Kâ€™?
[7.752s]    14 |     [01;31m[Kvelocity_publisher[m[K =
[7.753s]       |     [01;31m[K^~~~~~~~~~~~~~~~~~[m[K
[7.754s]       |     [32m[Kvelocity_publisher_[m[K
[7.765s] [01m[K/home/fssja/ros2-project/src/two_server_controllers/src/go_to.cpp:17:5:[m[K [01;31m[Kerror: [m[Kâ€˜[01m[Kpose_subscriber[m[Kâ€™ was not declared in this scope; did you mean â€˜[01m[Kpose_subscriber_[m[Kâ€™?
[7.766s]    17 |     [01;31m[Kpose_subscriber[m[K =
[7.768s]       |     [01;31m[K^~~~~~~~~~~~~~~[m[K
[7.769s]       |     [32m[Kpose_subscriber_[m[K
[7.770s] [01m[K/home/fssja/ros2-project/src/two_server_controllers/src/go_to.cpp:18:11:[m[K [01;31m[Kerror: [m[Kparse error in template argument list
[7.770s]    18 |     this->[01;31m[Kcreate_subscription<turtlesim::msg:::Pose>[m[K("/turtle1/pose", 10, std::bind(&go_to::pose_callback, this, std::placeholders::_1));
[7.770s]       |           [01;31m[K^~~~~~~~~~~~~~~~~~~~~~~~~~~~~~~~~~~~~~~~~~[m[K
[7.777s] [01m[K/home/fssja/ros2-project/src/two_server_controllers/src/go_to.cpp:18:53:[m[K [01;31m[Kerror: [m[Kno matching function for call to â€˜[01m[Kgo_to::create_subscription<<expression error> >(const char [14], int, std::_Bind_helper<false, void (go_to::*)(int), go_to*, const std::_Placeholder<1>&>::type)[m[Kâ€™
[7.778s]    18 |     [01;31m[Kthis->create_subscription<turtlesim::msg:::Pose>("/turtle1/pose", 10, std::bind(&go_to::pose_callback, this, std::placeholders::_1))[m[K;
[7.779s]       |     [01;31m[K~~~~~~~~~~~~~~~~~~~~~~~~~~~~~~~~~~~~~~~~~~~~~~~~^~~~~~~~~~~~~~~~~~~~~~~~~~~~~~~~~~~~~~~~~~~~~~~~~~~~~~~~~~~~~~~~~~~~~~~~~~~~~~~~~~~~[m[K
[7.779s] In file included from [01m[K/opt/ros/humble/include/rclcpp/rclcpp/executors/single_threaded_executor.hpp:28[m[K,
[7.782s]                  from [01m[K/opt/ros/humble/include/rclcpp/rclcpp/executors.hpp:22[m[K,
[7.783s]                  from [01m[K/opt/ros/humble/include/rclcpp/rclcpp/rclcpp.hpp:155[m[K,
[7.784s]                  from [01m[K/home/fssja/ros2-project/src/two_server_controllers/src/go_to.cpp:3[m[K:
[7.785s] [01m[K/opt/ros/humble/include/rclcpp/rclcpp/node.hpp:219:3:[m[K [01;36m[Knote: [m[Kcandidate: â€˜[01m[Ktemplate<class MessageT, class CallbackT, class AllocatorT, class SubscriptionT, class MessageMemoryStrategyT> std::shared_ptr<ROSMessageT> rclcpp::Node::create_subscription(const string&, const rclcpp::QoS&, CallbackT&&, const rclcpp::SubscriptionOptionsWithAllocator<AllocatorT>&, typename MessageMemoryStrategyT::SharedPtr)[m[Kâ€™
[7.786s]   219 |   [01;36m[Kcreate_subscription[m[K(
[7.787s]       |   [01;36m[K^~~~~~~~~~~~~~~~~~~[m[K
[7.788s] [01m[K/opt/ros/humble/include/rclcpp/rclcpp/node.hpp:219:3:[m[K [01;36m[Knote: [m[K  template argument deduction/substitution failed:
[7.788s] [01m[K/home/fssja/ros2-project/src/two_server_controllers/src/go_to.cpp:18:53:[m[K [01;31m[Kerror: [m[Ktemplate argument 1 is invalid
[7.788s]    18 |     [01;31m[Kthis->create_subscription<turtlesim::msg:::Pose>("/turtle1/pose", 10, std::bind(&go_to::pose_callback, this, std::placeholders::_1))[m[K;
[7.789s]       |     [01;31m[K~~~~~~~~~~~~~~~~~~~~~~~~~~~~~~~~~~~~~~~~~~~~~~~~^~~~~~~~~~~~~~~~~~~~~~~~~~~~~~~~~~~~~~~~~~~~~~~~~~~~~~~~~~~~~~~~~~~~~~~~~~~~~~~~~~~~[m[K
[7.800s] [01m[K/home/fssja/ros2-project/src/two_server_controllers/src/go_to.cpp:[m[K In member function â€˜[01m[Kvoid go_to::pose_callback(int)[m[Kâ€™:
[7.800s] [01m[K/home/fssja/ros2-project/src/two_server_controllers/src/go_to.cpp:36:14:[m[K [01;31m[Kerror: [m[Kbase operand of â€˜[01m[K->[m[Kâ€™ is not a pointer
[7.800s]    36 |     x1 = pose[01;31m[K->[m[Kx;
[7.800s]       |              [01;31m[K^~[m[K
[7.801s] [01m[K/home/fssja/ros2-project/src/two_server_controllers/src/go_to.cpp:37:14:[m[K [01;31m[Kerror: [m[Kbase operand of â€˜[01m[K->[m[Kâ€™ is not a pointer
[7.801s]    37 |     y1 = pose[01;31m[K->[m[Ky;
[7.801s]       |              [01;31m[K^~[m[K
[7.801s] [01m[K/home/fssja/ros2-project/src/two_server_controllers/src/go_to.cpp:38:17:[m[K [01;31m[Kerror: [m[Kbase operand of â€˜[01m[K->[m[Kâ€™ is not a pointer
[7.801s]    38 |     theta = pose[01;31m[K->[m[Ktheta;
[7.802s]       |                 [01;31m[K^~[m[K
[9.734s] gmake[2]: *** [CMakeFiles/go_to.dir/build.make:76: CMakeFiles/go_to.dir/src/go_to.cpp.o] Error 1
[9.735s] gmake[1]: *** [CMakeFiles/Makefile2:137: CMakeFiles/go_to.dir/all] Error 2
[9.736s] gmake: *** [Makefile:146: all] Error 2
[9.739s] Invoked command in '/home/fssja/ros2-project/build/two_server_controllers' returned '2': CMAKE_PREFIX_PATH=${CMAKE_PREFIX_PATH}:/home/fssja/turtlebot3_ws/install/turtlebot3_teleop:/home/fssja/turtlebot3_ws/install/turtlebot3_example:/opt/ros/humble /usr/bin/cmake --build /home/fssja/ros2-project/build/two_server_controllers -- -j2 -l2
