[0.029s] Invoking command in '/home/fssja/ros2-project/build/two_server_controllers': CMAKE_PREFIX_PATH=${CMAKE_PREFIX_PATH}:/home/fssja/turtlebot3_ws/install/turtlebot3_teleop:/home/fssja/turtlebot3_ws/install/turtlebot3_example:/opt/ros/humble /usr/bin/cmake --build /home/fssja/ros2-project/build/two_server_controllers -- -j2 -l2
[0.123s] [35m[1mConsolidate compiler generated dependencies of target go_to[0m
[0.161s] [ 50%] [32mBuilding CXX object CMakeFiles/go_to.dir/src/goto.cpp.o[0m
[5.871s] [01m[K/home/fssja/ros2-project/src/two_server_controllers/src/goto.cpp:[m[K In constructor â€˜[01m[KGoToGoal::GoToGoal()[m[Kâ€™:
[5.872s] [01m[K/home/fssja/ros2-project/src/two_server_controllers/src/goto.cpp:17:11:[m[K [01;31m[Kerror: [m[Kparse error in template argument list
[5.872s]    17 |     this->[01;31m[Kcreate_subscription<turtlesim::msg:::Pose>[m[K("/turtle1/pose", 10, std::bind(&GoToGoal::pose_callback, this, _1));
[5.872s]       |           [01;31m[K^~~~~~~~~~~~~~~~~~~~~~~~~~~~~~~~~~~~~~~~~~[m[K
[5.883s] [01m[K/home/fssja/ros2-project/src/two_server_controllers/src/goto.cpp:17:53:[m[K [01;31m[Kerror: [m[Kno matching function for call to â€˜[01m[KGoToGoal::create_subscription<<expression error> >(const char [14], int, std::_Bind_helper<false, void (GoToGoal::*)(std::shared_ptr<turtlesim::msg::Pose_<std::allocator<void> > >), GoToGoal*, const std::_Placeholder<1>&>::type)[m[Kâ€™
[5.884s]    17 |     [01;31m[Kthis->create_subscription<turtlesim::msg:::Pose>("/turtle1/pose", 10, std::bind(&GoToGoal::pose_callback, this, _1))[m[K;
[5.884s]       |     [01;31m[K~~~~~~~~~~~~~~~~~~~~~~~~~~~~~~~~~~~~~~~~~~~~~~~~^~~~~~~~~~~~~~~~~~~~~~~~~~~~~~~~~~~~~~~~~~~~~~~~~~~~~~~~~~~~~~~~~~~~[m[K
[5.884s] In file included from [01m[K/opt/ros/humble/include/rclcpp/rclcpp/executors/single_threaded_executor.hpp:28[m[K,
[5.884s]                  from [01m[K/opt/ros/humble/include/rclcpp/rclcpp/executors.hpp:22[m[K,
[5.884s]                  from [01m[K/opt/ros/humble/include/rclcpp/rclcpp/rclcpp.hpp:155[m[K,
[5.885s]                  from [01m[K/home/fssja/ros2-project/src/two_server_controllers/src/goto.cpp:1[m[K:
[5.885s] [01m[K/opt/ros/humble/include/rclcpp/rclcpp/node.hpp:219:3:[m[K [01;36m[Knote: [m[Kcandidate: â€˜[01m[Ktemplate<class MessageT, class CallbackT, class AllocatorT, class SubscriptionT, class MessageMemoryStrategyT> std::shared_ptr<ROSMessageT> rclcpp::Node::create_subscription(const string&, const rclcpp::QoS&, CallbackT&&, const rclcpp::SubscriptionOptionsWithAllocator<AllocatorT>&, typename MessageMemoryStrategyT::SharedPtr)[m[Kâ€™
[5.885s]   219 |   [01;36m[Kcreate_subscription[m[K(
[5.885s]       |   [01;36m[K^~~~~~~~~~~~~~~~~~~[m[K
[5.885s] [01m[K/opt/ros/humble/include/rclcpp/rclcpp/node.hpp:219:3:[m[K [01;36m[Knote: [m[K  template argument deduction/substitution failed:
[5.885s] [01m[K/home/fssja/ros2-project/src/two_server_controllers/src/goto.cpp:17:53:[m[K [01;31m[Kerror: [m[Ktemplate argument 1 is invalid
[5.886s]    17 |     [01;31m[Kthis->create_subscription<turtlesim::msg:::Pose>("/turtle1/pose", 10, std::bind(&GoToGoal::pose_callback, this, _1))[m[K;
[5.886s]       |     [01;31m[K~~~~~~~~~~~~~~~~~~~~~~~~~~~~~~~~~~~~~~~~~~~~~~~~^~~~~~~~~~~~~~~~~~~~~~~~~~~~~~~~~~~~~~~~~~~~~~~~~~~~~~~~~~~~~~~~~~~~[m[K
[8.237s] gmake[2]: *** [CMakeFiles/go_to.dir/build.make:76: CMakeFiles/go_to.dir/src/goto.cpp.o] Error 1
[8.237s] gmake[1]: *** [CMakeFiles/Makefile2:137: CMakeFiles/go_to.dir/all] Error 2
[8.242s] gmake: *** [Makefile:146: all] Error 2
[8.253s] Invoked command in '/home/fssja/ros2-project/build/two_server_controllers' returned '2': CMAKE_PREFIX_PATH=${CMAKE_PREFIX_PATH}:/home/fssja/turtlebot3_ws/install/turtlebot3_teleop:/home/fssja/turtlebot3_ws/install/turtlebot3_example:/opt/ros/humble /usr/bin/cmake --build /home/fssja/ros2-project/build/two_server_controllers -- -j2 -l2
