[35m[1mConsolidate compiler generated dependencies of target go_to_goal[0m
[ 50%] [32mBuilding CXX object CMakeFiles/go_to_goal.dir/src/goto.cpp.o[0m
[01m[K/home/fssja/ros2-project/src/two_server_controllers/src/goto.cpp:[m[K In member function â€˜[01m[Kvoid GoToGoal::set_goal()[m[Kâ€™:
[01m[K/home/fssja/ros2-project/src/two_server_controllers/src/goto.cpp:43:18:[m[K [01;31m[Kerror: [m[Kno matching function for call to â€˜[01m[KGoToGoal::pose_callback()[m[Kâ€™
   43 |     [01;31m[Kpose_callback()[m[K;
      |     [01;31m[K~~~~~~~~~~~~~^~[m[K
[01m[K/home/fssja/ros2-project/src/two_server_controllers/src/goto.cpp:33:8:[m[K [01;36m[Knote: [m[Kcandidate: â€˜[01m[Kvoid GoToGoal::pose_callback(turtlesim::msg::Pose_<std::allocator<void> >::SharedPtr)[m[Kâ€™
   33 |   void [01;36m[Kpose_callback[m[K(const turtlesim::msg::Pose::SharedPtr pose)
      |        [01;36m[K^~~~~~~~~~~~~[m[K
[01m[K/home/fssja/ros2-project/src/two_server_controllers/src/goto.cpp:33:8:[m[K [01;36m[Knote: [m[K  candidate expects 1 argument, 0 provided
gmake[2]: *** [CMakeFiles/go_to_goal.dir/build.make:76: CMakeFiles/go_to_goal.dir/src/goto.cpp.o] Error 1
gmake[1]: *** [CMakeFiles/Makefile2:137: CMakeFiles/go_to_goal.dir/all] Error 2
gmake: *** [Makefile:146: all] Error 2
