-- Found ament_cmake: 1.3.8 (/opt/ros/humble/share/ament_cmake/cmake)
-- Found rclcpp: 16.0.8 (/opt/ros/humble/share/rclcpp/cmake)
-- Found rosidl_generator_c: 3.1.5 (/opt/ros/humble/share/rosidl_generator_c/cmake)
-- Found rosidl_adapter: 3.1.5 (/opt/ros/humble/share/rosidl_adapter/cmake)
-- Found rosidl_generator_cpp: 3.1.5 (/opt/ros/humble/share/rosidl_generator_cpp/cmake)
-- Using all available rosidl_typesupport_c: rosidl_typesupport_fastrtps_c;rosidl_typesupport_introspection_c
-- Using all available rosidl_typesupport_cpp: rosidl_typesupport_fastrtps_cpp;rosidl_typesupport_introspection_cpp
-- Found rmw_implementation_cmake: 6.1.1 (/opt/ros/humble/share/rmw_implementation_cmake/cmake)
-- Found rmw_fastrtps_cpp: 6.2.6 (/opt/ros/humble/share/rmw_fastrtps_cpp/cmake)
-- Using RMW implementation 'rmw_fastrtps_cpp' as default
-- Found turtlesim: 1.4.2 (/opt/ros/humble/share/turtlesim/cmake)
-- Found geometry_msgs: 4.2.3 (/opt/ros/humble/share/geometry_msgs/cmake)
-- Configuring done
-- Generating done
-- Build files have been written to: /home/fssja/ros2-project/build/two_server_controllers
[35m[1mConsolidate compiler generated dependencies of target go_to[0m
[ 50%] [32mBuilding CXX object CMakeFiles/go_to.dir/src/goto.cpp.o[0m
[01m[K/home/fssja/ros2-project/src/two_server_controllers/src/goto.cpp:[m[K In constructor â€˜[01m[KGoToGoal::GoToGoal()[m[Kâ€™:
[01m[K/home/fssja/ros2-project/src/two_server_controllers/src/goto.cpp:15:11:[m[K [01;31m[Kerror: [m[Kparse error in template argument list
   15 |     this->[01;31m[Kcreate_subscription<turtlesim::msg:::Pose>[m[K("/turtle1/pose", 10, std::bind(&GoToGoal::pose_callback, this, std::placeholders::_1));
      |           [01;31m[K^~~~~~~~~~~~~~~~~~~~~~~~~~~~~~~~~~~~~~~~~~[m[K
[01m[K/home/fssja/ros2-project/src/two_server_controllers/src/goto.cpp:15:53:[m[K [01;31m[Kerror: [m[Kno matching function for call to â€˜[01m[KGoToGoal::create_subscription<<expression error> >(const char [14], int, std::_Bind_helper<false, void (GoToGoal::*)(std::shared_ptr<turtlesim::msg::Pose_<std::allocator<void> > >) const, GoToGoal*, const std::_Placeholder<1>&>::type)[m[Kâ€™
   15 |     [01;31m[Kthis->create_subscription<turtlesim::msg:::Pose>("/turtle1/pose", 10, std::bind(&GoToGoal::pose_callback, this, std::placeholders::_1))[m[K;
      |     [01;31m[K~~~~~~~~~~~~~~~~~~~~~~~~~~~~~~~~~~~~~~~~~~~~~~~~^~~~~~~~~~~~~~~~~~~~~~~~~~~~~~~~~~~~~~~~~~~~~~~~~~~~~~~~~~~~~~~~~~~~~~~~~~~~~~~~~~~~~~~[m[K
In file included from [01m[K/opt/ros/humble/include/rclcpp/rclcpp/executors/single_threaded_executor.hpp:28[m[K,
                 from [01m[K/opt/ros/humble/include/rclcpp/rclcpp/executors.hpp:22[m[K,
                 from [01m[K/opt/ros/humble/include/rclcpp/rclcpp/rclcpp.hpp:155[m[K,
                 from [01m[K/home/fssja/ros2-project/src/two_server_controllers/src/goto.cpp:1[m[K:
[01m[K/opt/ros/humble/include/rclcpp/rclcpp/node.hpp:219:3:[m[K [01;36m[Knote: [m[Kcandidate: â€˜[01m[Ktemplate<class MessageT, class CallbackT, class AllocatorT, class SubscriptionT, class MessageMemoryStrategyT> std::shared_ptr<ROSMessageT> rclcpp::Node::create_subscription(const string&, const rclcpp::QoS&, CallbackT&&, const rclcpp::SubscriptionOptionsWithAllocator<AllocatorT>&, typename MessageMemoryStrategyT::SharedPtr)[m[Kâ€™
  219 |   [01;36m[Kcreate_subscription[m[K(
      |   [01;36m[K^~~~~~~~~~~~~~~~~~~[m[K
[01m[K/opt/ros/humble/include/rclcpp/rclcpp/node.hpp:219:3:[m[K [01;36m[Knote: [m[K  template argument deduction/substitution failed:
[01m[K/home/fssja/ros2-project/src/two_server_controllers/src/goto.cpp:15:53:[m[K [01;31m[Kerror: [m[Ktemplate argument 1 is invalid
   15 |     [01;31m[Kthis->create_subscription<turtlesim::msg:::Pose>("/turtle1/pose", 10, std::bind(&GoToGoal::pose_callback, this, std::placeholders::_1))[m[K;
      |     [01;31m[K~~~~~~~~~~~~~~~~~~~~~~~~~~~~~~~~~~~~~~~~~~~~~~~~^~~~~~~~~~~~~~~~~~~~~~~~~~~~~~~~~~~~~~~~~~~~~~~~~~~~~~~~~~~~~~~~~~~~~~~~~~~~~~~~~~~~~~~[m[K
[01m[K/home/fssja/ros2-project/src/two_server_controllers/src/goto.cpp:[m[K In member function â€˜[01m[Kvoid GoToGoal::pose_callback(turtlesim::msg::Pose_<std::allocator<void> >::SharedPtr) const[m[Kâ€™:
[01m[K/home/fssja/ros2-project/src/two_server_controllers/src/goto.cpp:33:8:[m[K [01;31m[Kerror: [m[Kassignment of member â€˜[01m[KGoToGoal::x1[m[Kâ€™ in read-only object
   33 |     [01;31m[Kx1 = pose->x[m[K;
      |     [01;31m[K~~~^~~~~~~~~[m[K
[01m[K/home/fssja/ros2-project/src/two_server_controllers/src/goto.cpp:34:8:[m[K [01;31m[Kerror: [m[Kassignment of member â€˜[01m[KGoToGoal::y1[m[Kâ€™ in read-only object
   34 |     [01;31m[Ky1 = pose->y[m[K;
      |     [01;31m[K~~~^~~~~~~~~[m[K
[01m[K/home/fssja/ros2-project/src/two_server_controllers/src/goto.cpp:35:11:[m[K [01;31m[Kerror: [m[Kassignment of member â€˜[01m[KGoToGoal::theta[m[Kâ€™ in read-only object
   35 |     [01;31m[Ktheta = pose->theta[m[K;
      |     [01;31m[K~~~~~~^~~~~~~~~~~~~[m[K
gmake[2]: *** [CMakeFiles/go_to.dir/build.make:76: CMakeFiles/go_to.dir/src/goto.cpp.o] Error 1
gmake[1]: *** [CMakeFiles/Makefile2:137: CMakeFiles/go_to.dir/all] Error 2
gmake: *** [Makefile:146: all] Error 2
