[01m[K/home/fssja/ros2-project/src/two_server_controllers/src/goto.cpp:[m[K In constructor â€˜[01m[Kgo_to::go_to()[m[Kâ€™:
[01m[K/home/fssja/ros2-project/src/two_server_controllers/src/goto.cpp:14:5:[m[K [01;31m[Kerror: [m[Kâ€˜[01m[Kvelocity_publisher[m[Kâ€™ was not declared in this scope; did you mean â€˜[01m[Kvelocity_publisher_[m[Kâ€™?
   14 |     [01;31m[Kvelocity_publisher[m[K =
      |     [01;31m[K^~~~~~~~~~~~~~~~~~[m[K
      |     [32m[Kvelocity_publisher_[m[K
[01m[K/home/fssja/ros2-project/src/two_server_controllers/src/goto.cpp:17:5:[m[K [01;31m[Kerror: [m[Kâ€˜[01m[Kpose_subscriber[m[Kâ€™ was not declared in this scope; did you mean â€˜[01m[Kpose_subscriber_[m[Kâ€™?
   17 |     [01;31m[Kpose_subscriber[m[K =
      |     [01;31m[K^~~~~~~~~~~~~~~[m[K
      |     [32m[Kpose_subscriber_[m[K
[01m[K/home/fssja/ros2-project/src/two_server_controllers/src/goto.cpp:18:11:[m[K [01;31m[Kerror: [m[Kparse error in template argument list
   18 |     this->[01;31m[Kcreate_subscription<turtlesim::msg:::Pose>[m[K("/turtle1/pose", 10, std::bind(&go_to::pose_callback, this, std::placeholders::_1));
      |           [01;31m[K^~~~~~~~~~~~~~~~~~~~~~~~~~~~~~~~~~~~~~~~~~[m[K
[01m[K/home/fssja/ros2-project/src/two_server_controllers/src/goto.cpp:18:53:[m[K [01;31m[Kerror: [m[Kno matching function for call to â€˜[01m[Kgo_to::create_subscription<<expression error> >(const char [14], int, std::_Bind_helper<false, void (go_to::*)(std::shared_ptr<turtlesim::msg::Pose_<std::allocator<void> > >), go_to*, const std::_Placeholder<1>&>::type)[m[Kâ€™
   18 |     [01;31m[Kthis->create_subscription<turtlesim::msg:::Pose>("/turtle1/pose", 10, std::bind(&go_to::pose_callback, this, std::placeholders::_1))[m[K;
      |     [01;31m[K~~~~~~~~~~~~~~~~~~~~~~~~~~~~~~~~~~~~~~~~~~~~~~~~^~~~~~~~~~~~~~~~~~~~~~~~~~~~~~~~~~~~~~~~~~~~~~~~~~~~~~~~~~~~~~~~~~~~~~~~~~~~~~~~~~~~[m[K
In file included from [01m[K/opt/ros/humble/include/rclcpp/rclcpp/executors/single_threaded_executor.hpp:28[m[K,
                 from [01m[K/opt/ros/humble/include/rclcpp/rclcpp/executors.hpp:22[m[K,
                 from [01m[K/opt/ros/humble/include/rclcpp/rclcpp/rclcpp.hpp:155[m[K,
                 from [01m[K/home/fssja/ros2-project/src/two_server_controllers/src/goto.cpp:3[m[K:
[01m[K/opt/ros/humble/include/rclcpp/rclcpp/node.hpp:219:3:[m[K [01;36m[Knote: [m[Kcandidate: â€˜[01m[Ktemplate<class MessageT, class CallbackT, class AllocatorT, class SubscriptionT, class MessageMemoryStrategyT> std::shared_ptr<ROSMessageT> rclcpp::Node::create_subscription(const string&, const rclcpp::QoS&, CallbackT&&, const rclcpp::SubscriptionOptionsWithAllocator<AllocatorT>&, typename MessageMemoryStrategyT::SharedPtr)[m[Kâ€™
  219 |   [01;36m[Kcreate_subscription[m[K(
      |   [01;36m[K^~~~~~~~~~~~~~~~~~~[m[K
[01m[K/opt/ros/humble/include/rclcpp/rclcpp/node.hpp:219:3:[m[K [01;36m[Knote: [m[K  template argument deduction/substitution failed:
[01m[K/home/fssja/ros2-project/src/two_server_controllers/src/goto.cpp:18:53:[m[K [01;31m[Kerror: [m[Ktemplate argument 1 is invalid
   18 |     [01;31m[Kthis->create_subscription<turtlesim::msg:::Pose>("/turtle1/pose", 10, std::bind(&go_to::pose_callback, this, std::placeholders::_1))[m[K;
      |     [01;31m[K~~~~~~~~~~~~~~~~~~~~~~~~~~~~~~~~~~~~~~~~~~~~~~~~^~~~~~~~~~~~~~~~~~~~~~~~~~~~~~~~~~~~~~~~~~~~~~~~~~~~~~~~~~~~~~~~~~~~~~~~~~~~~~~~~~~~[m[K
gmake[2]: *** [CMakeFiles/go_to.dir/build.make:76: CMakeFiles/go_to.dir/src/goto.cpp.o] Error 1
gmake[1]: *** [CMakeFiles/Makefile2:137: CMakeFiles/go_to.dir/all] Error 2
gmake: *** [Makefile:146: all] Error 2
