-- Found ament_cmake: 1.3.8 (/opt/ros/humble/share/ament_cmake/cmake)
-- Found rclcpp: 16.0.8 (/opt/ros/humble/share/rclcpp/cmake)
-- Found rosidl_generator_c: 3.1.5 (/opt/ros/humble/share/rosidl_generator_c/cmake)
-- Found rosidl_adapter: 3.1.5 (/opt/ros/humble/share/rosidl_adapter/cmake)
-- Found rosidl_generator_cpp: 3.1.5 (/opt/ros/humble/share/rosidl_generator_cpp/cmake)
-- Using all available rosidl_typesupport_c: rosidl_typesupport_fastrtps_c;rosidl_typesupport_introspection_c
-- Using all available rosidl_typesupport_cpp: rosidl_typesupport_fastrtps_cpp;rosidl_typesupport_introspection_cpp
-- Found rmw_implementation_cmake: 6.1.1 (/opt/ros/humble/share/rmw_implementation_cmake/cmake)
-- Found rmw_fastrtps_cpp: 6.2.6 (/opt/ros/humble/share/rmw_fastrtps_cpp/cmake)
-- Using RMW implementation 'rmw_fastrtps_cpp' as default
-- Found turtlesim: 1.4.2 (/opt/ros/humble/share/turtlesim/cmake)
-- Found geometry_msgs: 4.2.3 (/opt/ros/humble/share/geometry_msgs/cmake)
-- Found custom_interfaces: 0.0.0 (/home/fssja/ros2-project/install/custom_interfaces/share/custom_interfaces/cmake)
-- Configuring done
-- Generating done
-- Build files have been written to: /home/fssja/ros2-project/build/two_server_controllers
[35m[1mConsolidate compiler generated dependencies of target go_to_goal[0m
[ 25%] [32mBuilding CXX object CMakeFiles/the_client.dir/src/the_client.cpp.o[0m
[ 50%] [32mBuilding CXX object CMakeFiles/go_to_goal.dir/src/goto_server.cpp.o[0m
[01m[K/home/fssja/ros2-project/src/two_server_controllers/src/the_client.cpp:2:10:[m[K [01;31m[Kfatal error: [m[Kcustom_interfaces/srv/goto.hpp: No such file or directory
    2 | #include [01;31m[K"custom_interfaces/srv/goto.hpp"[m[K
      |          [01;31m[K^~~~~~~~~~~~~~~~~~~~~~~~~~~~~~~~[m[K
compilation terminated.
gmake[2]: *** [CMakeFiles/the_client.dir/build.make:76: CMakeFiles/the_client.dir/src/the_client.cpp.o] Error 1
gmake[1]: *** [CMakeFiles/Makefile2:165: CMakeFiles/the_client.dir/all] Error 2
gmake[1]: *** Waiting for unfinished jobs....
[ 75%] [32m[1mLinking CXX executable go_to_goal[0m
[ 75%] Built target go_to_goal
gmake: *** [Makefile:146: all] Error 2
