[0.228s] Invoking command in '/home/fssja/ros2-project/build/two_server_controllers': CMAKE_PREFIX_PATH=/home/fssja/ros2-project/install/custom_interfaces:/home/fssja/ros2-project/install/two_server_controllers:/home/fssja/turtlebot3_ws/install/turtlebot3:/home/fssja/turtlebot3_ws/install/turtlebot3_simulations:/home/fssja/turtlebot3_ws/install/turtlebot3_bringup:/home/fssja/turtlebot3_ws/install/turtlebot3_node:/home/fssja/turtlebot3_ws/install/turtlebot3_navigation2:/home/fssja/turtlebot3_ws/install/turtlebot3_fake_node:/home/fssja/turtlebot3_ws/install/turtlebot3_msgs:/home/fssja/turtlebot3_ws/install/turtlebot3_gazebo:/home/fssja/turtlebot3_ws/install/turtlebot3_description:/home/fssja/turtlebot3_ws/install/turtlebot3_cartographer:/home/fssja/turtlebot3_ws/install/robot_controller:/home/fssja/turtlebot3_ws/install/dynamixel_sdk_examples:/home/fssja/turtlebot3_ws/install/dynamixel_sdk_custom_interfaces:/home/fssja/turtlebot3_ws/install/dynamixel_sdk:/home/fssja/ros2_ws/install/the_publisher:/home/fssja/ros2_ws/install/robot_controller:/home/fssja/ros2_ws/install/publish_and_subscribe:/home/fssja/ros2_ws/install/add_two_nums:/home/fssja/turtlebot3_ws/install/turtlebot3_teleop:/home/fssja/turtlebot3_ws/install/turtlebot3_example:/opt/ros/humble /usr/bin/cmake --build /home/fssja/ros2-project/build/two_server_controllers -- -j2 -l2
[1.000s] [35m[1mConsolidate compiler generated dependencies of target go_to_goal[0m
[1.097s] [ 50%] Built target the_client
[1.123s] [ 75%] [32mBuilding CXX object CMakeFiles/go_to_goal.dir/src/goto_server.cpp.o[0m
[10.450s] [01m[K/home/fssja/ros2-project/src/two_server_controllers/src/goto_server.cpp:[m[K In member function â€˜[01m[Kvoid GoToGoal::go_to(std::shared_ptr<custom_interfaces::srv::Goto_Request_<std::allocator<void> > >, std::shared_ptr<custom_interfaces::srv::Goto_Response_<std::allocator<void> > >)[m[Kâ€™:
[10.450s] [01m[K/home/fssja/ros2-project/src/two_server_controllers/src/goto_server.cpp:43:15:[m[K [01;31m[Kerror: [m[Kâ€˜[01m[Kusing element_type = struct custom_interfaces::srv::Goto_Response_<std::allocator<void> >[m[Kâ€™ {aka â€˜[01m[Kstruct custom_interfaces::srv::Goto_Response_<std::allocator<void> >[m[Kâ€™} has no member named â€˜[01m[Ksuccess[m[Kâ€™; did you mean â€˜[01m[Ksucces[m[Kâ€™?
[10.450s]    43 |     response->[01;31m[Ksuccess[m[K = true;
[10.450s]       |               [01;31m[K^~~~~~~[m[K
[10.450s]       |               [32m[Ksucces[m[K
[10.471s] [01m[K/home/fssja/ros2-project/src/two_server_controllers/src/goto_server.cpp:[m[K In member function â€˜[01m[Kvoid GoToGoal::move_to_goal()[m[Kâ€™:
[10.472s] [01m[K/home/fssja/ros2-project/src/two_server_controllers/src/goto_server.cpp:76:9:[m[K [01;31m[Kerror: [m[Kâ€˜[01m[Kspeed[m[Kâ€™ was not declared in this scope
[10.472s]    76 |         [01;31m[Kspeed[m[K.linear.x = kp_linear * euclidean_distance;
[10.472s]       |         [01;31m[K^~~~~[m[K
[10.480s] [01m[K/home/fssja/ros2-project/src/two_server_controllers/src/goto_server.cpp:91:9:[m[K [01;31m[Kerror: [m[Kâ€˜[01m[Kspeed[m[Kâ€™ was not declared in this scope
[10.480s]    91 |         [01;31m[Kspeed[m[K.linear.x = 0.0;
[10.480s]       |         [01;31m[K^~~~~[m[K
[10.489s] [01m[K/home/fssja/ros2-project/src/two_server_controllers/src/goto_server.cpp:97:36:[m[K [01;31m[Kerror: [m[Kâ€˜[01m[Kspeed[m[Kâ€™ was not declared in this scope
[10.489s]    97 |       velocity_publisher_->publish([01;31m[Kspeed[m[K);
[10.490s]       |                                    [01;31m[K^~~~~[m[K
[16.642s] gmake[2]: *** [CMakeFiles/go_to_goal.dir/build.make:76: CMakeFiles/go_to_goal.dir/src/goto_server.cpp.o] Error 1
[16.642s] gmake[1]: *** [CMakeFiles/Makefile2:139: CMakeFiles/go_to_goal.dir/all] Error 2
[16.643s] gmake: *** [Makefile:146: all] Error 2
[16.649s] Invoked command in '/home/fssja/ros2-project/build/two_server_controllers' returned '2': CMAKE_PREFIX_PATH=/home/fssja/ros2-project/install/custom_interfaces:/home/fssja/ros2-project/install/two_server_controllers:/home/fssja/turtlebot3_ws/install/turtlebot3:/home/fssja/turtlebot3_ws/install/turtlebot3_simulations:/home/fssja/turtlebot3_ws/install/turtlebot3_bringup:/home/fssja/turtlebot3_ws/install/turtlebot3_node:/home/fssja/turtlebot3_ws/install/turtlebot3_navigation2:/home/fssja/turtlebot3_ws/install/turtlebot3_fake_node:/home/fssja/turtlebot3_ws/install/turtlebot3_msgs:/home/fssja/turtlebot3_ws/install/turtlebot3_gazebo:/home/fssja/turtlebot3_ws/install/turtlebot3_description:/home/fssja/turtlebot3_ws/install/turtlebot3_cartographer:/home/fssja/turtlebot3_ws/install/robot_controller:/home/fssja/turtlebot3_ws/install/dynamixel_sdk_examples:/home/fssja/turtlebot3_ws/install/dynamixel_sdk_custom_interfaces:/home/fssja/turtlebot3_ws/install/dynamixel_sdk:/home/fssja/ros2_ws/install/the_publisher:/home/fssja/ros2_ws/install/robot_controller:/home/fssja/ros2_ws/install/publish_and_subscribe:/home/fssja/ros2_ws/install/add_two_nums:/home/fssja/turtlebot3_ws/install/turtlebot3_teleop:/home/fssja/turtlebot3_ws/install/turtlebot3_example:/opt/ros/humble /usr/bin/cmake --build /home/fssja/ros2-project/build/two_server_controllers -- -j2 -l2
