[0.042s] Invoking command in '/home/fssja/ros2-project/build/two_server_controllers': CMAKE_PREFIX_PATH=${CMAKE_PREFIX_PATH}:/home/fssja/turtlebot3_ws/install/turtlebot3_teleop:/home/fssja/turtlebot3_ws/install/turtlebot3_example:/opt/ros/humble /usr/bin/cmake --build /home/fssja/ros2-project/build/two_server_controllers -- -j2 -l2
[0.179s] [  3%] Built target two_server_controllers__cpp
[0.264s] [ 12%] Built target two_server_controllers__rosidl_generator_c
[0.334s] [ 12%] Built target ament_cmake_python_copy_two_server_controllers
[0.390s] [ 15%] [32mBuilding CXX object CMakeFiles/go_to_goal.dir/src/goto_server.cpp.o[0m
[1.046s] [01m[K/home/fssja/ros2-project/src/two_server_controllers/src/goto_server.cpp:2:10:[m[K [01;31m[Kfatal error: [m[Ktwo_server_controllers/srv/goto.hpp: No such file or directory
[1.046s]     2 | #include [01;31m[K"two_server_controllers/srv/goto.hpp"[m[K
[1.047s]       |          [01;31m[K^~~~~~~~~~~~~~~~~~~~~~~~~~~~~~~~~~~~~[m[K
[1.047s] compilation terminated.
[1.054s] gmake[2]: *** [CMakeFiles/go_to_goal.dir/build.make:76: CMakeFiles/go_to_goal.dir/src/goto_server.cpp.o] Error 1
[1.054s] gmake[1]: *** [CMakeFiles/Makefile2:592: CMakeFiles/go_to_goal.dir/all] Error 2
[1.061s] gmake: *** [Makefile:146: all] Error 2
[1.062s] Invoked command in '/home/fssja/ros2-project/build/two_server_controllers' returned '2': CMAKE_PREFIX_PATH=${CMAKE_PREFIX_PATH}:/home/fssja/turtlebot3_ws/install/turtlebot3_teleop:/home/fssja/turtlebot3_ws/install/turtlebot3_example:/opt/ros/humble /usr/bin/cmake --build /home/fssja/ros2-project/build/two_server_controllers -- -j2 -l2
