[01m[K/home/fssja/ros2-project/src/two_server_controllers/src/goto_server.cpp:[m[K In member function â€˜[01m[Kvoid GoToGoal::go_to(std::shared_ptr<custom_interfaces::srv::Goto_Request_<std::allocator<void> > >, std::shared_ptr<custom_interfaces::srv::Goto_Response_<std::allocator<void> > >)[m[Kâ€™:
[01m[K/home/fssja/ros2-project/src/two_server_controllers/src/goto_server.cpp:31:69:[m[K [01;35m[Kwarning: [m[Kunused parameter â€˜[01m[Kresponse[m[Kâ€™ [[01;35m[K]8;;https://gcc.gnu.org/onlinedocs/gcc/Warning-Options.html#index-Wunused-parameter-Wunused-parameter]8;;[m[K]
   31 | [01;35m[Kstd::shared_ptr<custom_interfaces::srv::Goto::Response> response[m[K)
      | [01;35m[K~~~~~~~~~~~~~~~~~~~~~~~~~~~~~~~~~~~~~~~~~~~~~~~~~~~~~~~~^~~~~~~~[m[K

[01m[K/home/fssja/ros2-project/src/two_server_controllers/src/goto_server.cpp:[m[K In member function â€˜[01m[Kint GoToGoal::move_to_goal()[m[Kâ€™:
[01m[K/home/fssja/ros2-project/src/two_server_controllers/src/goto_server.cpp:91:19:[m[K [01;31m[Kerror: [m[Kâ€˜[01m[Kusing element_type = class rclcpp::Service<custom_interfaces::srv::Goto>[m[Kâ€™ {aka â€˜[01m[Kclass rclcpp::Service<custom_interfaces::srv::Goto>[m[Kâ€™} has no member named â€˜[01m[Kresponse[m[Kâ€™; did you mean â€˜[01m[Ksend_response[m[Kâ€™?
   91 |         service_->[01;31m[Kresponse[m[K->succes = 0;
      |                   [01;31m[K^~~~~~~~[m[K
      |                   [32m[Ksend_response[m[K
[01m[K/home/fssja/ros2-project/src/two_server_controllers/src/goto_server.cpp:96:3:[m[K [01;35m[Kwarning: [m[Kcontrol reaches end of non-void function [[01;35m[K]8;;https://gcc.gnu.org/onlinedocs/gcc/Warning-Options.html#index-Wreturn-type-Wreturn-type]8;;[m[K]
   96 |   [01;35m[K}[m[K
      |   [01;35m[K^[m[K
gmake[2]: *** [CMakeFiles/go_to_goal.dir/build.make:76: CMakeFiles/go_to_goal.dir/src/goto_server.cpp.o] Error 1
gmake[1]: *** [CMakeFiles/Makefile2:139: CMakeFiles/go_to_goal.dir/all] Error 2
gmake: *** [Makefile:146: all] Error 2
