[0.029s] Invoking command in '/home/fssja/ros2-project/build/two_server_controllers': CMAKE_PREFIX_PATH=${CMAKE_PREFIX_PATH}:/home/fssja/turtlebot3_ws/install/turtlebot3_teleop:/home/fssja/turtlebot3_ws/install/turtlebot3_example:/opt/ros/humble /usr/bin/cmake --build /home/fssja/ros2-project/build/two_server_controllers -- -j2 -l2
[0.122s] [35m[1mConsolidate compiler generated dependencies of target go_to_goal[0m
[0.160s] [ 50%] [32mBuilding CXX object CMakeFiles/go_to_goal.dir/src/goto.cpp.o[0m
[5.727s] [01m[K/home/fssja/ros2-project/src/two_server_controllers/src/goto.cpp:[m[K In constructor â€˜[01m[KGoToGoal::GoToGoal()[m[Kâ€™:
[5.727s] [01m[K/home/fssja/ros2-project/src/two_server_controllers/src/goto.cpp:18:5:[m[K [01;31m[Kerror: [m[Kâ€˜[01m[Ktimer_[m[Kâ€™ was not declared in this scope; did you mean â€˜[01m[Ktimer_t[m[Kâ€™?
[5.728s]    18 |     [01;31m[Ktimer_[m[K = this->create_wall_timer(std::chrono::nanoseconds(10), std::bind(&GoToGoal::go_to_goal, this));
[5.728s]       |     [01;31m[K^~~~~~[m[K
[5.728s]       |     [32m[Ktimer_t[m[K
[5.758s] [01m[K/home/fssja/ros2-project/src/two_server_controllers/src/goto.cpp:[m[K In member function â€˜[01m[Kvoid GoToGoal::pose_callback(turtlesim::msg::Pose_<std::allocator<void> >::SharedPtr)[m[Kâ€™:
[5.758s] [01m[K/home/fssja/ros2-project/src/two_server_controllers/src/goto.cpp:34:5:[m[K [01;31m[Kerror: [m[Kâ€˜[01m[Kx1[m[Kâ€™ was not declared in this scope; did you mean â€˜[01m[Ky1[m[Kâ€™?
[5.758s]    34 |     [01;31m[Kx1[m[K = pose->x;
[5.759s]       |     [01;31m[K^~[m[K
[5.759s]       |     [32m[Ky1[m[K
[5.759s] [01m[K/home/fssja/ros2-project/src/two_server_controllers/src/goto.cpp:35:8:[m[K [01;31m[Kerror: [m[Kassignment of function â€˜[01m[Kdouble y1(double)[m[Kâ€™
[5.759s]    35 |     [01;31m[Ky1 = pose->y[m[K;
[5.759s]       |     [01;31m[K~~~^~~~~~~~~[m[K
[5.767s] [01m[K/home/fssja/ros2-project/src/two_server_controllers/src/goto.cpp:36:5:[m[K [01;31m[Kerror: [m[Kâ€˜[01m[Ktheta[m[Kâ€™ was not declared in this scope
[5.768s]    36 |     [01;31m[Ktheta[m[K = pose->theta;
[5.768s]       |     [01;31m[K^~~~~[m[K
[5.776s] [01m[K/home/fssja/ros2-project/src/two_server_controllers/src/goto.cpp:[m[K In member function â€˜[01m[Kvoid GoToGoal::set_goal()[m[Kâ€™:
[5.776s] [01m[K/home/fssja/ros2-project/src/two_server_controllers/src/goto.cpp:44:17:[m[K [01;31m[Kerror: [m[Kâ€˜[01m[Kx2[m[Kâ€™ was not declared in this scope
[5.776s]    44 |     std::cin >> [01;31m[Kx2[m[K;
[5.777s]       |                 [01;31m[K^~[m[K
[5.783s] [01m[K/home/fssja/ros2-project/src/two_server_controllers/src/goto.cpp:46:17:[m[K [01;31m[Kerror: [m[Kâ€˜[01m[Ky2[m[Kâ€™ was not declared in this scope; did you mean â€˜[01m[Kyn[m[Kâ€™?
[5.784s]    46 |     std::cin >> [01;31m[Ky2[m[K;
[5.784s]       |                 [01;31m[K^~[m[K
[5.784s]       |                 [32m[Kyn[m[K
[5.791s] [01m[K/home/fssja/ros2-project/src/two_server_controllers/src/goto.cpp:[m[K In member function â€˜[01m[Kdouble GoToGoal::euclidean_distance(const Pose&)[m[Kâ€™:
[5.791s] [01m[K/home/fssja/ros2-project/src/two_server_controllers/src/goto.cpp:90:40:[m[K [01;31m[Kerror: [m[Kâ€˜[01m[Kx1[m[Kâ€™ was not declared in this scope; did you mean â€˜[01m[Ky1[m[Kâ€™?
[5.792s]    90 |         return sqrt(pow((goal_pose.x - [01;31m[Kx1[m[K), 2) + pow((goal_pose.y - y1), 2));
[5.792s]       |                                        [01;31m[K^~[m[K
[5.793s]       |                                        [32m[Ky1[m[K
[5.810s] [01m[K/home/fssja/ros2-project/src/two_server_controllers/src/goto.cpp:90:67:[m[K [01;31m[Kerror: [m[Kinvalid operands of types â€˜[01m[Kconst _y_type[m[Kâ€™ {aka â€˜[01m[Kconst float[m[Kâ€™} and â€˜[01m[Kdouble(double) noexcept[m[Kâ€™ to binary â€˜[01m[Koperator-[m[Kâ€™
[5.810s]    90 | rn sqrt(pow((goal_pose.x - x1), 2) + pow(([32m[Kgoal_pose.y[m[K [01;31m[K-[m[K [34m[Ky1[m[K), 2));
[5.811s]       |                                           [32m[K~~~~~~~~~~~[m[K [01;31m[K^[m[K [34m[K~~[m[K
[5.811s]       |                                                     [32m[K|[m[K   [34m[K|[m[K
[5.812s]       |                                                     [32m[K|[m[K   [34m[Kdouble(double) noexcept[m[K
[5.812s]       |                                                     [32m[Kconst _y_type {aka const float}[m[K
[5.813s] 
[5.822s] [01m[K/home/fssja/ros2-project/src/two_server_controllers/src/goto.cpp:[m[K In member function â€˜[01m[Kdouble GoToGoal::steering_angle(const Pose&)[m[Kâ€™:
[5.822s] [01m[K/home/fssja/ros2-project/src/two_server_controllers/src/goto.cpp:98:34:[m[K [01;31m[Kerror: [m[Kinvalid operands of types â€˜[01m[Kconst _y_type[m[Kâ€™ {aka â€˜[01m[Kconst float[m[Kâ€™} and â€˜[01m[Kdouble(double) noexcept[m[Kâ€™ to binary â€˜[01m[Koperator-[m[Kâ€™
[5.823s]    98 |         return atan2([32m[Kgoal_pose.y[m[K [01;31m[K-[m[K [34m[Ky1[m[K, goal_pose.x - x1);
[5.823s]       |                      [32m[K~~~~~~~~~~~[m[K [01;31m[K^[m[K [34m[K~~[m[K
[5.823s]       |                                [32m[K|[m[K   [34m[K|[m[K
[5.823s]       |                                [32m[K|[m[K   [34m[Kdouble(double) noexcept[m[K
[5.823s]       |                                [32m[Kconst _y_type {aka const float}[m[K
[5.830s] [01m[K/home/fssja/ros2-project/src/two_server_controllers/src/goto.cpp:98:54:[m[K [01;31m[Kerror: [m[Kâ€˜[01m[Kx1[m[Kâ€™ was not declared in this scope; did you mean â€˜[01m[Ky1[m[Kâ€™?
[5.830s]    98 |         return atan2(goal_pose.y - y1, goal_pose.x - [01;31m[Kx1[m[K);
[5.830s]       |                                                      [01;31m[K^~[m[K
[5.830s]       |                                                      [32m[Ky1[m[K
[5.838s] [01m[K/home/fssja/ros2-project/src/two_server_controllers/src/goto.cpp:[m[K In member function â€˜[01m[Kdouble GoToGoal::angular_vel(const Pose&, double)[m[Kâ€™:
[5.839s] [01m[K/home/fssja/ros2-project/src/two_server_controllers/src/goto.cpp:102:56:[m[K [01;31m[Kerror: [m[Kâ€˜[01m[Ktheta[m[Kâ€™ was not declared in this scope
[5.839s]   102 |         return constant * (steering_angle(goal_pose) - [01;31m[Ktheta[m[K);
[5.839s]       |                                                        [01;31m[K^~~~~[m[K
[5.846s] [01m[K/home/fssja/ros2-project/src/two_server_controllers/src/goto.cpp:[m[K In member function â€˜[01m[Kvoid GoToGoal::go_to_goal()[m[Kâ€™:
[5.846s] [01m[K/home/fssja/ros2-project/src/two_server_controllers/src/goto.cpp:109:23:[m[K [01;31m[Kerror: [m[Kâ€˜[01m[Kx2[m[Kâ€™ was not declared in this scope
[5.846s]   109 |         goal_pose.x = [01;31m[Kx2[m[K;  // Set your x goal
[5.846s]       |                       [01;31m[K^~[m[K
[5.854s] [01m[K/home/fssja/ros2-project/src/two_server_controllers/src/goto.cpp:110:23:[m[K [01;31m[Kerror: [m[Kâ€˜[01m[Ky2[m[Kâ€™ was not declared in this scope; did you mean â€˜[01m[Kyn[m[Kâ€™?
[5.854s]   110 |         goal_pose.y = [01;31m[Ky2[m[K;  // Set your y goal
[5.854s]       |                       [01;31m[K^~[m[K
[5.855s]       |                       [32m[Kyn[m[K
[5.868s] [01m[K/home/fssja/ros2-project/src/two_server_controllers/src/goto.cpp:134:13:[m[K [01;31m[Kerror: [m[Kâ€˜[01m[Ktimer_[m[Kâ€™ was not declared in this scope; did you mean â€˜[01m[Ktimer_t[m[Kâ€™?
[5.869s]   134 |             [01;31m[Ktimer_[m[K->sleep();
[5.869s]       |             [01;31m[K^~~~~~[m[K
[5.869s]       |             [32m[Ktimer_t[m[K
[5.870s] [01m[K/home/fssja/ros2-project/src/two_server_controllers/src/goto.cpp:[m[K At global scope:
[5.870s] [01m[K/home/fssja/ros2-project/src/two_server_controllers/src/goto.cpp:155:13:[m[K [01;31m[Kerror: [m[Kâ€˜[01m[Kfloat y1[m[Kâ€™ redeclared as different kind of entity
[5.870s]   155 |   float x1, [01;31m[Ky1[m[K, x2, y2, theta, dist_x, dist_y;
[5.870s]       |             [01;31m[K^~[m[K
[5.870s] In file included from [01m[K/usr/include/features.h:486[m[K,
[5.871s]                  from [01m[K/usr/include/x86_64-linux-gnu/c++/11/bits/os_defines.h:39[m[K,
[5.871s]                  from [01m[K/usr/include/x86_64-linux-gnu/c++/11/bits/c++config.h:586[m[K,
[5.871s]                  from [01m[K/usr/include/c++/11/csignal:41[m[K,
[5.871s]                  from [01m[K/opt/ros/humble/include/rclcpp/rclcpp/rclcpp.hpp:152[m[K,
[5.871s]                  from [01m[K/home/fssja/ros2-project/src/two_server_controllers/src/goto.cpp:1[m[K:
[5.871s] [01m[K/usr/include/x86_64-linux-gnu/bits/mathcalls.h:224:1:[m[K [01;36m[Knote: [m[Kprevious declaration â€˜[01m[Kdouble y1(double)[m[Kâ€™
[5.872s]   224 | [01;36m[K__MATHCALL[m[K (y1,, (_Mdouble_));
[5.872s]       | [01;36m[K^~~~~~~~~~[m[K
[11.927s] gmake[2]: *** [CMakeFiles/go_to_goal.dir/build.make:76: CMakeFiles/go_to_goal.dir/src/goto.cpp.o] Error 1
[11.927s] gmake[1]: *** [CMakeFiles/Makefile2:137: CMakeFiles/go_to_goal.dir/all] Error 2
[11.928s] gmake: *** [Makefile:146: all] Error 2
[11.932s] Invoked command in '/home/fssja/ros2-project/build/two_server_controllers' returned '2': CMAKE_PREFIX_PATH=${CMAKE_PREFIX_PATH}:/home/fssja/turtlebot3_ws/install/turtlebot3_teleop:/home/fssja/turtlebot3_ws/install/turtlebot3_example:/opt/ros/humble /usr/bin/cmake --build /home/fssja/ros2-project/build/two_server_controllers -- -j2 -l2
