[35m[1mConsolidate compiler generated dependencies of target go_to_goal[0m
[ 25%] [32mBuilding CXX object CMakeFiles/go_to_goal.dir/src/goto_server.cpp.o[0m
[01m[K/home/fssja/ros2-project/src/two_server_controllers/src/goto_server.cpp:[m[K In constructor â€˜[01m[KGoToGoal::GoToGoal()[m[Kâ€™:
[01m[K/home/fssja/ros2-project/src/two_server_controllers/src/goto_server.cpp:106:7:[m[K [01;35m[Kwarning: [m[Kâ€˜[01m[KGoToGoal::count_[m[Kâ€™ will be initialized after [[01;35m[K]8;;https://gcc.gnu.org/onlinedocs/gcc/Warning-Options.html#index-Wreorder-Wreorder]8;;[m[K]
  106 |   int [01;35m[Kcount_[m[K;
      |       [01;35m[K^~~~~~[m[K
[01m[K/home/fssja/ros2-project/src/two_server_controllers/src/goto_server.cpp:105:7:[m[K [01;35m[Kwarning: [m[K  â€˜[01m[Kint GoToGoal::flag[m[Kâ€™ [[01;35m[K]8;;https://gcc.gnu.org/onlinedocs/gcc/Warning-Options.html#index-Wreorder-Wreorder]8;;[m[K]
  105 |   int [01;35m[Kflag[m[K;
      |       [01;35m[K^~~~[m[K
[01m[K/home/fssja/ros2-project/src/two_server_controllers/src/goto_server.cpp:14:3:[m[K [01;35m[Kwarning: [m[K  when initialized here [[01;35m[K]8;;https://gcc.gnu.org/onlinedocs/gcc/Warning-Options.html#index-Wreorder-Wreorder]8;;[m[K]
   14 |   [01;35m[KGoToGoal[m[K() : Node("go_to_goal"), count_(0), flag(1)
      |   [01;35m[K^~~~~~~~[m[K
[01m[K/home/fssja/ros2-project/src/two_server_controllers/src/goto_server.cpp:[m[K In member function â€˜[01m[Kvoid GoToGoal::go_to(std::shared_ptr<custom_interfaces::srv::Goto_Request_<std::allocator<void> > >, std::shared_ptr<custom_interfaces::srv::Goto_Response_<std::allocator<void> > >)[m[Kâ€™:
[01m[K/home/fssja/ros2-project/src/two_server_controllers/src/goto_server.cpp:38:37:[m[K [01;31m[Kerror: [m[Kno matching function for call to â€˜[01m[KGoToGoal::create_wall_timer(std::chrono::nanoseconds, std::_Bind_helper<false, void (GoToGoal::*)(std::shared_ptr<custom_interfaces::srv::Goto_Response_<std::allocator<void> > >), GoToGoal*, std::shared_ptr<custom_interfaces::srv::Goto_Response_<std::allocator<void> > >&>::type)[m[Kâ€™
   38 |     timer_ = [01;31m[Kthis->create_wall_timer(std::chrono::nanoseconds(10), std::bind(&GoToGoal::move_to_goal, this, response))[m[K;
      |              [01;31m[K~~~~~~~~~~~~~~~~~~~~~~~^~~~~~~~~~~~~~~~~~~~~~~~~~~~~~~~~~~~~~~~~~~~~~~~~~~~~~~~~~~~~~~~~~~~~~~~~~~~~~~~~~[m[K
In file included from [01m[K/opt/ros/humble/include/rclcpp/rclcpp/executors/single_threaded_executor.hpp:28[m[K,
                 from [01m[K/opt/ros/humble/include/rclcpp/rclcpp/executors.hpp:22[m[K,
                 from [01m[K/opt/ros/humble/include/rclcpp/rclcpp/rclcpp.hpp:155[m[K,
                 from [01m[K/home/fssja/ros2-project/src/two_server_controllers/src/goto_server.cpp:1[m[K:
[01m[K/opt/ros/humble/include/rclcpp/rclcpp/node.hpp:238:3:[m[K [01;36m[Knote: [m[Kcandidate: â€˜[01m[Ktemplate<class DurationRepT, class DurationT, class CallbackT> typename rclcpp::WallTimer<CallbackT>::SharedPtr rclcpp::Node::create_wall_timer(std::chrono::duration<_Rep1, _Period1>, CallbackT, rclcpp::CallbackGroup::SharedPtr)[m[Kâ€™
  238 |   [01;36m[Kcreate_wall_timer[m[K(
      |   [01;36m[K^~~~~~~~~~~~~~~~~[m[K
[01m[K/opt/ros/humble/include/rclcpp/rclcpp/node.hpp:238:3:[m[K [01;36m[Knote: [m[K  template argument deduction/substitution failed:
In file included from [01m[K/opt/ros/humble/include/rclcpp/rclcpp/node.hpp:1321[m[K,
                 from [01m[K/opt/ros/humble/include/rclcpp/rclcpp/executors/single_threaded_executor.hpp:28[m[K,
                 from [01m[K/opt/ros/humble/include/rclcpp/rclcpp/executors.hpp:22[m[K,
                 from [01m[K/opt/ros/humble/include/rclcpp/rclcpp/rclcpp.hpp:155[m[K,
                 from [01m[K/home/fssja/ros2-project/src/two_server_controllers/src/goto_server.cpp:1[m[K:
/opt/ros/humble/include/rclcpp/rclcpp/node_impl.hpp: In substitution of â€˜[01m[Ktemplate<class DurationRepT, class DurationT, class CallbackT> typename rclcpp::WallTimer<CallbackT>::SharedPtr rclcpp::Node::create_wall_timer(std::chrono::duration<_Rep1, _Period1>, CallbackT, rclcpp::CallbackGroup::SharedPtr) [with DurationRepT = long int; DurationT = std::ratio<1, 1000000000>; CallbackT = std::_Bind<void (GoToGoal::*(GoToGoal*, std::shared_ptr<custom_interfaces::srv::Goto_Response_<std::allocator<void> > >))(std::shared_ptr<custom_interfaces::srv::Goto_Response_<std::allocator<void> > >)>][m[Kâ€™:
[01m[K/home/fssja/ros2-project/src/two_server_controllers/src/goto_server.cpp:38:37:[m[K   required from here
[01m[K/opt/ros/humble/include/rclcpp/rclcpp/node_impl.hpp:110:1:[m[K [01;31m[Kerror: [m[Kno type named â€˜[01m[Ktype[m[Kâ€™ in â€˜[01m[Kstruct std::enable_if<false, void>[m[Kâ€™
  110 | [01;31m[KNode[m[K::create_wall_timer(
      | [01;31m[K^~~~[m[K
[01m[K/opt/ros/humble/include/rclcpp/rclcpp/node_impl.hpp:110:1:[m[K [01;31m[Kerror: [m[Kno type named â€˜[01m[Ktype[m[Kâ€™ in â€˜[01m[Kstruct std::enable_if<false, void>[m[Kâ€™
[01m[K/opt/ros/humble/include/rclcpp/rclcpp/node_impl.hpp:110:1:[m[K [01;36m[Knote: [m[Kinvalid template non-type parameter
[01m[K/home/fssja/ros2-project/src/two_server_controllers/src/goto_server.cpp:[m[K In member function â€˜[01m[Kvoid GoToGoal::move_to_goal(std::shared_ptr<custom_interfaces::srv::Goto_Response_<std::allocator<void> > >)[m[Kâ€™:
[01m[K/home/fssja/ros2-project/src/two_server_controllers/src/goto_server.cpp:90:19:[m[K [01;31m[Kerror: [m[Kâ€˜[01m[Kusing element_type = struct custom_interfaces::srv::Goto_Response_<std::allocator<void> >[m[Kâ€™ {aka â€˜[01m[Kstruct custom_interfaces::srv::Goto_Response_<std::allocator<void> >[m[Kâ€™} has no member named â€˜[01m[Ksuccess[m[Kâ€™; did you mean â€˜[01m[Ksucces[m[Kâ€™?
   90 |         response->[01;31m[Ksuccess[m[K = 0; // Corrected typo in 'success'
      |                   [01;31m[K^~~~~~~[m[K
      |                   [32m[Ksucces[m[K
[01m[K/home/fssja/ros2-project/src/two_server_controllers/src/goto_server.cpp:91:32:[m[K [01;31m[Kerror: [m[Kno matching function for call to â€˜[01m[Krclcpp::Service<custom_interfaces::srv::Goto>::send_response(std::__shared_ptr_access<custom_interfaces::srv::Goto_Response_<std::allocator<void> >, __gnu_cxx::_S_atomic, false, false>::element_type&)[m[Kâ€™
   91 |         [01;31m[Kservice_->send_response(*response)[m[K;
      |         [01;31m[K~~~~~~~~~~~~~~~~~~~~~~~^~~~~~~~~~~[m[K
In file included from [01m[K/opt/ros/humble/include/rclcpp/rclcpp/callback_group.hpp:28[m[K,
                 from [01m[K/opt/ros/humble/include/rclcpp/rclcpp/any_executable.hpp:20[m[K,
                 from [01m[K/opt/ros/humble/include/rclcpp/rclcpp/memory_strategy.hpp:25[m[K,
                 from [01m[K/opt/ros/humble/include/rclcpp/rclcpp/memory_strategies.hpp:18[m[K,
                 from [01m[K/opt/ros/humble/include/rclcpp/rclcpp/executor_options.hpp:20[m[K,
                 from [01m[K/opt/ros/humble/include/rclcpp/rclcpp/executor.hpp:37[m[K,
                 from [01m[K/opt/ros/humble/include/rclcpp/rclcpp/executors/multi_threaded_executor.hpp:25[m[K,
                 from [01m[K/opt/ros/humble/include/rclcpp/rclcpp/executors.hpp:21[m[K,
                 from [01m[K/opt/ros/humble/include/rclcpp/rclcpp/rclcpp.hpp:155[m[K,
                 from [01m[K/home/fssja/ros2-project/src/two_server_controllers/src/goto_server.cpp:1[m[K:
[01m[K/opt/ros/humble/include/rclcpp/rclcpp/service.hpp:480:3:[m[K [01;36m[Knote: [m[Kcandidate: â€˜[01m[Kvoid rclcpp::Service<ServiceT>::send_response(rmw_request_id_t&, typename ServiceT::Response&) [with ServiceT = custom_interfaces::srv::Goto; rmw_request_id_t = rmw_request_id_s; typename ServiceT::Response = custom_interfaces::srv::Goto_Response_<std::allocator<void> >][m[Kâ€™
  480 |   [01;36m[Ksend_response[m[K(rmw_request_id_t & req_id, typename ServiceT::Response & response)
      |   [01;36m[K^~~~~~~~~~~~~[m[K
[01m[K/opt/ros/humble/include/rclcpp/rclcpp/service.hpp:480:3:[m[K [01;36m[Knote: [m[K  candidate expects 2 arguments, 1 provided
gmake[2]: *** [CMakeFiles/go_to_goal.dir/build.make:76: CMakeFiles/go_to_goal.dir/src/goto_server.cpp.o] Error 1
gmake[1]: *** [CMakeFiles/Makefile2:139: CMakeFiles/go_to_goal.dir/all] Error 2
gmake: *** [Makefile:146: all] Error 2
