[0.031s] Invoking command in '/home/fssja/ros2-project/build/two_server_controllers': CMAKE_PREFIX_PATH=${CMAKE_PREFIX_PATH}:/home/fssja/turtlebot3_ws/install/turtlebot3_teleop:/home/fssja/turtlebot3_ws/install/turtlebot3_example:/opt/ros/humble /usr/bin/cmake --build /home/fssja/ros2-project/build/two_server_controllers -- -j2 -l2
[0.160s] [ 50%] [32mBuilding CXX object CMakeFiles/go_to_goal.dir/src/goto.cpp.o[0m
[6.409s] [01m[K/home/fssja/ros2-project/src/two_server_controllers/src/goto.cpp:[m[K In member function â€˜[01m[Kvoid GoToGoal::go_to_goal()[m[Kâ€™:
[6.410s] [01m[K/home/fssja/ros2-project/src/two_server_controllers/src/goto.cpp:85:7:[m[K [01;31m[Kerror: [m[Kâ€˜[01m[Krate_[m[Kâ€™ was not declared in this scope
[6.410s]    85 |       [01;31m[Krate_[m[K->sleep();
[6.410s]       |       [01;31m[K^~~~~[m[K
[12.926s] gmake[2]: *** [CMakeFiles/go_to_goal.dir/build.make:76: CMakeFiles/go_to_goal.dir/src/goto.cpp.o] Error 1
[12.927s] gmake[1]: *** [CMakeFiles/Makefile2:137: CMakeFiles/go_to_goal.dir/all] Error 2
[12.927s] gmake: *** [Makefile:146: all] Error 2
[12.931s] Invoked command in '/home/fssja/ros2-project/build/two_server_controllers' returned '2': CMAKE_PREFIX_PATH=${CMAKE_PREFIX_PATH}:/home/fssja/turtlebot3_ws/install/turtlebot3_teleop:/home/fssja/turtlebot3_ws/install/turtlebot3_example:/opt/ros/humble /usr/bin/cmake --build /home/fssja/ros2-project/build/two_server_controllers -- -j2 -l2
