[0.039s] Invoking command in '/home/fssja/ros2-project/build/two_server_controllers': CMAKE_PREFIX_PATH=/home/fssja/ros2-project/install/custom_interfaces:/home/fssja/ros2-project/install/two_server_controllers:/home/fssja/turtlebot3_ws/install/turtlebot3:/home/fssja/turtlebot3_ws/install/turtlebot3_simulations:/home/fssja/turtlebot3_ws/install/turtlebot3_bringup:/home/fssja/turtlebot3_ws/install/turtlebot3_node:/home/fssja/turtlebot3_ws/install/turtlebot3_navigation2:/home/fssja/turtlebot3_ws/install/turtlebot3_fake_node:/home/fssja/turtlebot3_ws/install/turtlebot3_msgs:/home/fssja/turtlebot3_ws/install/turtlebot3_gazebo:/home/fssja/turtlebot3_ws/install/turtlebot3_description:/home/fssja/turtlebot3_ws/install/turtlebot3_cartographer:/home/fssja/turtlebot3_ws/install/robot_controller:/home/fssja/turtlebot3_ws/install/dynamixel_sdk_examples:/home/fssja/turtlebot3_ws/install/dynamixel_sdk_custom_interfaces:/home/fssja/turtlebot3_ws/install/dynamixel_sdk:/home/fssja/ros2_ws/install/the_publisher:/home/fssja/ros2_ws/install/robot_controller:/home/fssja/ros2_ws/install/publish_and_subscribe:/home/fssja/ros2_ws/install/add_two_nums:/home/fssja/turtlebot3_ws/install/turtlebot3_teleop:/home/fssja/turtlebot3_ws/install/turtlebot3_example:/opt/ros/humble /usr/bin/cmake --build /home/fssja/ros2-project/build/two_server_controllers -- -j2 -l2
[0.205s] [35m[1mConsolidate compiler generated dependencies of target go_to_goal[0m
[0.287s] [ 25%] [32mBuilding CXX object CMakeFiles/go_to_goal.dir/src/goto_server.cpp.o[0m
[8.928s] [01m[K/home/fssja/ros2-project/src/two_server_controllers/src/goto_server.cpp:[m[K In constructor â€˜[01m[KGoToGoal::GoToGoal()[m[Kâ€™:
[8.932s] [01m[K/home/fssja/ros2-project/src/two_server_controllers/src/goto_server.cpp:110:7:[m[K [01;35m[Kwarning: [m[Kâ€˜[01m[KGoToGoal::count_[m[Kâ€™ will be initialized after [[01;35m[K]8;;https://gcc.gnu.org/onlinedocs/gcc/Warning-Options.html#index-Wreorder-Wreorder]8;;[m[K]
[8.935s]   110 |   int [01;35m[Kcount_[m[K;
[8.936s]       |       [01;35m[K^~~~~~[m[K
[8.942s] [01m[K/home/fssja/ros2-project/src/two_server_controllers/src/goto_server.cpp:109:7:[m[K [01;35m[Kwarning: [m[K  â€˜[01m[Kint GoToGoal::flag[m[Kâ€™ [[01;35m[K]8;;https://gcc.gnu.org/onlinedocs/gcc/Warning-Options.html#index-Wreorder-Wreorder]8;;[m[K]
[8.944s]   109 |   int [01;35m[Kflag[m[K;
[8.945s]       |       [01;35m[K^~~~[m[K
[8.947s] [01m[K/home/fssja/ros2-project/src/two_server_controllers/src/goto_server.cpp:14:3:[m[K [01;35m[Kwarning: [m[K  when initialized here [[01;35m[K]8;;https://gcc.gnu.org/onlinedocs/gcc/Warning-Options.html#index-Wreorder-Wreorder]8;;[m[K]
[8.948s]    14 |   [01;35m[KGoToGoal[m[K() : Node("go_to_goal"), count_(0), flag(1)
[8.950s]       |   [01;35m[K^~~~~~~~[m[K
[8.972s] In file included from [01m[K/usr/include/c++/11/pstl/glue_algorithm_defs.h:13[m[K,
[8.972s]                  from [01m[K/usr/include/c++/11/algorithm:74[m[K,
[8.972s]                  from [01m[K/opt/ros/humble/include/rclcpp/rclcpp/executor.hpp:18[m[K,
[8.973s]                  from [01m[K/opt/ros/humble/include/rclcpp/rclcpp/executors/multi_threaded_executor.hpp:25[m[K,
[8.973s]                  from [01m[K/opt/ros/humble/include/rclcpp/rclcpp/executors.hpp:21[m[K,
[8.973s]                  from [01m[K/opt/ros/humble/include/rclcpp/rclcpp/rclcpp.hpp:155[m[K,
[8.973s]                  from [01m[K/home/fssja/ros2-project/src/two_server_controllers/src/goto_server.cpp:1[m[K:
[8.973s] /usr/include/c++/11/functional: In instantiation of â€˜[01m[Kstruct std::_Bind_check_arity<int (GoToGoal::*)(std::shared_ptr<custom_interfaces::srv::Goto_Response_<std::allocator<void> > >), GoToGoal*>[m[Kâ€™:
[8.973s] [01m[K/usr/include/c++/11/functional:768:12:[m[K   required from â€˜[01m[Kstruct std::_Bind_helper<false, int (GoToGoal::*)(std::shared_ptr<custom_interfaces::srv::Goto_Response_<std::allocator<void> > >), GoToGoal*>[m[Kâ€™
[8.974s] [01m[K/usr/include/c++/11/functional:789:5:[m[K   required by substitution of â€˜[01m[Ktemplate<class _Func, class ... _BoundArgs> typename std::_Bind_helper<std::__is_socketlike<_Func>::value, _Func, _BoundArgs ...>::type std::bind(_Func&&, _BoundArgs&& ...) [with _Func = int (GoToGoal::*)(std::shared_ptr<custom_interfaces::srv::Goto_Response_<std::allocator<void> > >); _BoundArgs = {GoToGoal*}][m[Kâ€™
[8.974s] [01m[K/home/fssja/ros2-project/src/two_server_controllers/src/goto_server.cpp:38:77:[m[K   required from here
[8.974s] [01m[K/usr/include/c++/11/functional:756:21:[m[K [01;31m[Kerror: [m[Kstatic assertion failed: Wrong number of arguments for pointer-to-member
[8.974s]   755 |       static_assert(_Varargs::[01;31m[Kvalue[m[K
[8.974s]       |                               [01;31m[K~~~~~[m[K
[8.975s]   756 | [01;31m[K                    ? sizeof...(_BoundArgs) >= _Arity::value + 1[m[K
[8.975s]       |                     [01;31m[K^~~~~~~~~~~~~~~~~~~~~~~~~~~~~~~~~~~~~~~~~~~~[m[K
[8.975s]   757 | [01;31m[K                    : sizeof...(_BoundArgs) == _Arity::value + 1[m[K,
[8.986s]       |                     [01;31m[K~~~~~~~~~~~~~~~~~~~~~~~~~~~~~~~~~~~~~~~~~~~~[m[K
[8.991s] [01m[K/usr/include/c++/11/functional:756:21:[m[K [01;36m[Knote: [m[Kâ€˜[01m[K(false ? (1 >= (((long unsigned int)std::integral_constant<long unsigned int, 1>::value) + 1)) : (1 == (((long unsigned int)std::integral_constant<long unsigned int, 1>::value) + 1)))[m[Kâ€™ evaluates to false
[8.992s] [01m[K/home/fssja/ros2-project/src/two_server_controllers/src/goto_server.cpp:[m[K In member function â€˜[01m[Kvoid GoToGoal::go_to(std::shared_ptr<custom_interfaces::srv::Goto_Request_<std::allocator<void> > >)[m[Kâ€™:
[8.992s] [01m[K/home/fssja/ros2-project/src/two_server_controllers/src/goto_server.cpp:38:37:[m[K [01;31m[Kerror: [m[Kno matching function for call to â€˜[01m[KGoToGoal::create_wall_timer(std::chrono::nanoseconds, std::_Bind_helper<false, int (GoToGoal::*)(std::shared_ptr<custom_interfaces::srv::Goto_Response_<std::allocator<void> > >), GoToGoal*>::type)[m[Kâ€™
[8.992s]    38 |     timer_ = [01;31m[Kthis->create_wall_timer(std::chrono::nanoseconds(10), std::bind(&GoToGoal::move_to_goal, this))[m[K;
[8.992s]       |              [01;31m[K~~~~~~~~~~~~~~~~~~~~~~~^~~~~~~~~~~~~~~~~~~~~~~~~~~~~~~~~~~~~~~~~~~~~~~~~~~~~~~~~~~~~~~~~~~~~~~~[m[K
[8.992s] In file included from [01m[K/opt/ros/humble/include/rclcpp/rclcpp/executors/single_threaded_executor.hpp:28[m[K,
[8.993s]                  from [01m[K/opt/ros/humble/include/rclcpp/rclcpp/executors.hpp:22[m[K,
[8.993s]                  from [01m[K/opt/ros/humble/include/rclcpp/rclcpp/rclcpp.hpp:155[m[K,
[8.993s]                  from [01m[K/home/fssja/ros2-project/src/two_server_controllers/src/goto_server.cpp:1[m[K:
[8.993s] [01m[K/opt/ros/humble/include/rclcpp/rclcpp/node.hpp:238:3:[m[K [01;36m[Knote: [m[Kcandidate: â€˜[01m[Ktemplate<class DurationRepT, class DurationT, class CallbackT> typename rclcpp::WallTimer<CallbackT>::SharedPtr rclcpp::Node::create_wall_timer(std::chrono::duration<_Rep1, _Period1>, CallbackT, rclcpp::CallbackGroup::SharedPtr)[m[Kâ€™
[8.993s]   238 |   [01;36m[Kcreate_wall_timer[m[K(
[8.994s]       |   [01;36m[K^~~~~~~~~~~~~~~~~[m[K
[8.994s] [01m[K/opt/ros/humble/include/rclcpp/rclcpp/node.hpp:238:3:[m[K [01;36m[Knote: [m[K  template argument deduction/substitution failed:
[8.994s] In file included from [01m[K/opt/ros/humble/include/rclcpp/rclcpp/node.hpp:1321[m[K,
[8.998s]                  from [01m[K/opt/ros/humble/include/rclcpp/rclcpp/executors/single_threaded_executor.hpp:28[m[K,
[8.998s]                  from [01m[K/opt/ros/humble/include/rclcpp/rclcpp/executors.hpp:22[m[K,
[8.998s]                  from [01m[K/opt/ros/humble/include/rclcpp/rclcpp/rclcpp.hpp:155[m[K,
[8.998s]                  from [01m[K/home/fssja/ros2-project/src/two_server_controllers/src/goto_server.cpp:1[m[K:
[9.006s] /opt/ros/humble/include/rclcpp/rclcpp/node_impl.hpp: In substitution of â€˜[01m[Ktemplate<class DurationRepT, class DurationT, class CallbackT> typename rclcpp::WallTimer<CallbackT>::SharedPtr rclcpp::Node::create_wall_timer(std::chrono::duration<_Rep1, _Period1>, CallbackT, rclcpp::CallbackGroup::SharedPtr) [with DurationRepT = long int; DurationT = std::ratio<1, 1000000000>; CallbackT = std::_Bind<int (GoToGoal::*(GoToGoal*))(std::shared_ptr<custom_interfaces::srv::Goto_Response_<std::allocator<void> > >)>][m[Kâ€™:
[9.007s] [01m[K/home/fssja/ros2-project/src/two_server_controllers/src/goto_server.cpp:38:37:[m[K   required from here
[9.008s] [01m[K/opt/ros/humble/include/rclcpp/rclcpp/node_impl.hpp:110:1:[m[K [01;31m[Kerror: [m[Kno type named â€˜[01m[Ktype[m[Kâ€™ in â€˜[01m[Kstruct std::enable_if<false, void>[m[Kâ€™
[9.008s]   110 | [01;31m[KNode[m[K::create_wall_timer(
[9.008s]       | [01;31m[K^~~~[m[K
[9.008s] [01m[K/opt/ros/humble/include/rclcpp/rclcpp/node_impl.hpp:110:1:[m[K [01;31m[Kerror: [m[Kno type named â€˜[01m[Ktype[m[Kâ€™ in â€˜[01m[Kstruct std::enable_if<false, void>[m[Kâ€™
[9.008s] [01m[K/opt/ros/humble/include/rclcpp/rclcpp/node_impl.hpp:110:1:[m[K [01;36m[Knote: [m[Kinvalid template non-type parameter
[16.210s] [01m[K/home/fssja/ros2-project/src/two_server_controllers/src/goto_server.cpp:[m[K In member function â€˜[01m[Kint GoToGoal::move_to_goal(std::shared_ptr<custom_interfaces::srv::Goto_Response_<std::allocator<void> > >)[m[Kâ€™:
[16.210s] [01m[K/home/fssja/ros2-project/src/two_server_controllers/src/goto_server.cpp:97:3:[m[K [01;35m[Kwarning: [m[Kcontrol reaches end of non-void function [[01;35m[K]8;;https://gcc.gnu.org/onlinedocs/gcc/Warning-Options.html#index-Wreturn-type-Wreturn-type]8;;[m[K]
[16.210s]    97 |   [01;35m[K}[m[K
[16.210s]       |   [01;35m[K^[m[K
[16.347s] gmake[2]: *** [CMakeFiles/go_to_goal.dir/build.make:76: CMakeFiles/go_to_goal.dir/src/goto_server.cpp.o] Error 1
[16.347s] gmake[1]: *** [CMakeFiles/Makefile2:139: CMakeFiles/go_to_goal.dir/all] Error 2
[16.359s] gmake: *** [Makefile:146: all] Error 2
[16.359s] Invoked command in '/home/fssja/ros2-project/build/two_server_controllers' returned '2': CMAKE_PREFIX_PATH=/home/fssja/ros2-project/install/custom_interfaces:/home/fssja/ros2-project/install/two_server_controllers:/home/fssja/turtlebot3_ws/install/turtlebot3:/home/fssja/turtlebot3_ws/install/turtlebot3_simulations:/home/fssja/turtlebot3_ws/install/turtlebot3_bringup:/home/fssja/turtlebot3_ws/install/turtlebot3_node:/home/fssja/turtlebot3_ws/install/turtlebot3_navigation2:/home/fssja/turtlebot3_ws/install/turtlebot3_fake_node:/home/fssja/turtlebot3_ws/install/turtlebot3_msgs:/home/fssja/turtlebot3_ws/install/turtlebot3_gazebo:/home/fssja/turtlebot3_ws/install/turtlebot3_description:/home/fssja/turtlebot3_ws/install/turtlebot3_cartographer:/home/fssja/turtlebot3_ws/install/robot_controller:/home/fssja/turtlebot3_ws/install/dynamixel_sdk_examples:/home/fssja/turtlebot3_ws/install/dynamixel_sdk_custom_interfaces:/home/fssja/turtlebot3_ws/install/dynamixel_sdk:/home/fssja/ros2_ws/install/the_publisher:/home/fssja/ros2_ws/install/robot_controller:/home/fssja/ros2_ws/install/publish_and_subscribe:/home/fssja/ros2_ws/install/add_two_nums:/home/fssja/turtlebot3_ws/install/turtlebot3_teleop:/home/fssja/turtlebot3_ws/install/turtlebot3_example:/opt/ros/humble /usr/bin/cmake --build /home/fssja/ros2-project/build/two_server_controllers -- -j2 -l2
