[0.517s] Invoking command in '/home/fssja/ros2-project/build/two_server_controllers': CMAKE_PREFIX_PATH=${CMAKE_PREFIX_PATH}:/home/fssja/turtlebot3_ws/install/turtlebot3_teleop:/home/fssja/turtlebot3_ws/install/turtlebot3_example:/opt/ros/humble /usr/bin/cmake --build /home/fssja/ros2-project/build/two_server_controllers -- -j2 -l2
[0.862s] [35m[1mConsolidate compiler generated dependencies of target go_to[0m
[0.933s] [ 50%] [32mBuilding CXX object CMakeFiles/go_to.dir/src/go_to.cpp.o[0m
[7.796s] [01m[K/home/fssja/ros2-project/src/two_server_controllers/src/go_to.cpp:34:50:[m[K [01;31m[Kerror: [m[Kâ€˜[01m[KSharePtr[m[Kâ€™ in â€˜[01m[Kusing Pose = struct turtlesim::msg::Pose_<std::allocator<void> >[m[Kâ€™ {aka â€˜[01m[Kstruct turtlesim::msg::Pose_<std::allocator<void> >[m[Kâ€™} does not name a type
[7.796s]    34 |   void pose_callback(const turtlesim::msg::Pose::[01;31m[KSharePtr[m[K pose)
[7.796s]       |                                                  [01;31m[K^~~~~~~~[m[K
[7.914s] [01m[K/home/fssja/ros2-project/src/two_server_controllers/src/go_to.cpp:[m[K In constructor â€˜[01m[Kgo_to::go_to()[m[Kâ€™:
[7.914s] [01m[K/home/fssja/ros2-project/src/two_server_controllers/src/go_to.cpp:14:5:[m[K [01;31m[Kerror: [m[Kâ€˜[01m[Kvelocity_publisher[m[Kâ€™ was not declared in this scope; did you mean â€˜[01m[Kvelocity_publisher_[m[Kâ€™?
[7.916s]    14 |     [01;31m[Kvelocity_publisher[m[K =
[7.916s]       |     [01;31m[K^~~~~~~~~~~~~~~~~~[m[K
[7.916s]       |     [32m[Kvelocity_publisher_[m[K
[7.928s] [01m[K/home/fssja/ros2-project/src/two_server_controllers/src/go_to.cpp:17:5:[m[K [01;31m[Kerror: [m[Kâ€˜[01m[Kpose_subscriber[m[Kâ€™ was not declared in this scope; did you mean â€˜[01m[Kpose_subscriber_[m[Kâ€™?
[7.929s]    17 |     [01;31m[Kpose_subscriber[m[K =
[7.929s]       |     [01;31m[K^~~~~~~~~~~~~~~[m[K
[7.929s]       |     [32m[Kpose_subscriber_[m[K
[7.929s] [01m[K/home/fssja/ros2-project/src/two_server_controllers/src/go_to.cpp:18:11:[m[K [01;31m[Kerror: [m[Kparse error in template argument list
[7.930s]    18 |     this->[01;31m[Kcreate_subscription<turtlesim::msg:::Pose>[m[K("/turtle1/pose", 10, std::bind(&go_to::pose_callback, this, std::placeholders::_1));
[7.931s]       |           [01;31m[K^~~~~~~~~~~~~~~~~~~~~~~~~~~~~~~~~~~~~~~~~~[m[K
[7.941s] [01m[K/home/fssja/ros2-project/src/two_server_controllers/src/go_to.cpp:18:53:[m[K [01;31m[Kerror: [m[Kno matching function for call to â€˜[01m[Kgo_to::create_subscription<<expression error> >(const char [14], int, std::_Bind_helper<false, void (go_to::*)(int), go_to*, const std::_Placeholder<1>&>::type)[m[Kâ€™
[7.942s]    18 |     [01;31m[Kthis->create_subscription<turtlesim::msg:::Pose>("/turtle1/pose", 10, std::bind(&go_to::pose_callback, this, std::placeholders::_1))[m[K;
[7.942s]       |     [01;31m[K~~~~~~~~~~~~~~~~~~~~~~~~~~~~~~~~~~~~~~~~~~~~~~~~^~~~~~~~~~~~~~~~~~~~~~~~~~~~~~~~~~~~~~~~~~~~~~~~~~~~~~~~~~~~~~~~~~~~~~~~~~~~~~~~~~~~[m[K
[7.942s] In file included from [01m[K/opt/ros/humble/include/rclcpp/rclcpp/executors/single_threaded_executor.hpp:28[m[K,
[7.942s]                  from [01m[K/opt/ros/humble/include/rclcpp/rclcpp/executors.hpp:22[m[K,
[7.942s]                  from [01m[K/opt/ros/humble/include/rclcpp/rclcpp/rclcpp.hpp:155[m[K,
[7.943s]                  from [01m[K/home/fssja/ros2-project/src/two_server_controllers/src/go_to.cpp:3[m[K:
[7.943s] [01m[K/opt/ros/humble/include/rclcpp/rclcpp/node.hpp:219:3:[m[K [01;36m[Knote: [m[Kcandidate: â€˜[01m[Ktemplate<class MessageT, class CallbackT, class AllocatorT, class SubscriptionT, class MessageMemoryStrategyT> std::shared_ptr<ROSMessageT> rclcpp::Node::create_subscription(const string&, const rclcpp::QoS&, CallbackT&&, const rclcpp::SubscriptionOptionsWithAllocator<AllocatorT>&, typename MessageMemoryStrategyT::SharedPtr)[m[Kâ€™
[7.943s]   219 |   [01;36m[Kcreate_subscription[m[K(
[7.944s]       |   [01;36m[K^~~~~~~~~~~~~~~~~~~[m[K
[7.945s] [01m[K/opt/ros/humble/include/rclcpp/rclcpp/node.hpp:219:3:[m[K [01;36m[Knote: [m[K  template argument deduction/substitution failed:
[7.945s] [01m[K/home/fssja/ros2-project/src/two_server_controllers/src/go_to.cpp:18:53:[m[K [01;31m[Kerror: [m[Ktemplate argument 1 is invalid
[7.945s]    18 |     [01;31m[Kthis->create_subscription<turtlesim::msg:::Pose>("/turtle1/pose", 10, std::bind(&go_to::pose_callback, this, std::placeholders::_1))[m[K;
[7.945s]       |     [01;31m[K~~~~~~~~~~~~~~~~~~~~~~~~~~~~~~~~~~~~~~~~~~~~~~~~^~~~~~~~~~~~~~~~~~~~~~~~~~~~~~~~~~~~~~~~~~~~~~~~~~~~~~~~~~~~~~~~~~~~~~~~~~~~~~~~~~~~[m[K
[7.963s] [01m[K/home/fssja/ros2-project/src/two_server_controllers/src/go_to.cpp:[m[K In member function â€˜[01m[Kvoid go_to::pose_callback(int)[m[Kâ€™:
[7.963s] [01m[K/home/fssja/ros2-project/src/two_server_controllers/src/go_to.cpp:36:14:[m[K [01;31m[Kerror: [m[Kbase operand of â€˜[01m[K->[m[Kâ€™ is not a pointer
[7.963s]    36 |     x1 = pose[01;31m[K->[m[Kx;
[7.964s]       |              [01;31m[K^~[m[K
[7.964s] [01m[K/home/fssja/ros2-project/src/two_server_controllers/src/go_to.cpp:37:14:[m[K [01;31m[Kerror: [m[Kbase operand of â€˜[01m[K->[m[Kâ€™ is not a pointer
[7.964s]    37 |     y1 = pose[01;31m[K->[m[Ky;
[7.964s]       |              [01;31m[K^~[m[K
[7.965s] [01m[K/home/fssja/ros2-project/src/two_server_controllers/src/go_to.cpp:38:17:[m[K [01;31m[Kerror: [m[Kbase operand of â€˜[01m[K->[m[Kâ€™ is not a pointer
[7.966s]    38 |     theta = pose[01;31m[K->[m[Ktheta;
[7.967s]       |                 [01;31m[K^~[m[K
[7.975s] [01m[K/home/fssja/ros2-project/src/two_server_controllers/src/go_to.cpp:[m[K In member function â€˜[01m[Kvoid go_to::set_goal()[m[Kâ€™:
[7.976s] [01m[K/home/fssja/ros2-project/src/two_server_controllers/src/go_to.cpp:43:5:[m[K [01;31m[Kerror: [m[Kâ€˜[01m[KRCLPP_INFO[m[Kâ€™ was not declared in this scope; did you mean â€˜[01m[KRCLCPP_INFO[m[Kâ€™?
[7.976s]    43 |     [01;31m[KRCLPP_INFO[m[K(this->get_logger(), "Set the desired (x2, y2) of the turtle...");
[7.976s]       |     [01;31m[K^~~~~~~~~~[m[K
[7.976s]       |     [32m[KRCLCPP_INFO[m[K
[7.987s] [01m[K/home/fssja/ros2-project/src/two_server_controllers/src/go_to.cpp:[m[K In member function â€˜[01m[Kvoid go_to::go_to_goal()[m[Kâ€™:
[7.987s] [01m[K/home/fssja/ros2-project/src/two_server_controllers/src/go_to.cpp:64:24:[m[K [01;31m[Kerror: [m[Kâ€˜[01m[Kk_linear[m[Kâ€™ was not declared in this scope; did you mean â€˜[01m[KK_linear[m[Kâ€™?
[7.987s]    64 |       speed.linear.x = [01;31m[Kk_linear[m[K * euclidean_distance;
[7.987s]       |                        [01;31m[K^~~~~~~~[m[K
[7.988s]       |                        [32m[KK_linear[m[K
[7.988s] [01m[K/home/fssja/ros2-project/src/two_server_controllers/src/go_to.cpp:62:13:[m[K [01;35m[Kwarning: [m[Kunused variable â€˜[01m[KK_linear[m[Kâ€™ [[01;35m[K]8;;https://gcc.gnu.org/onlinedocs/gcc/Warning-Options.html#index-Wunused-variable-Wunused-variable]8;;[m[K]
[7.988s]    62 |       float [01;35m[KK_linear[m[K = 2;
[7.988s]       |             [01;35m[K^~~~~~~~[m[K
[10.020s] gmake[2]: *** [CMakeFiles/go_to.dir/build.make:76: CMakeFiles/go_to.dir/src/go_to.cpp.o] Error 1
[10.020s] gmake[1]: *** [CMakeFiles/Makefile2:137: CMakeFiles/go_to.dir/all] Error 2
[10.021s] gmake: *** [Makefile:146: all] Error 2
[10.026s] Invoked command in '/home/fssja/ros2-project/build/two_server_controllers' returned '2': CMAKE_PREFIX_PATH=${CMAKE_PREFIX_PATH}:/home/fssja/turtlebot3_ws/install/turtlebot3_teleop:/home/fssja/turtlebot3_ws/install/turtlebot3_example:/opt/ros/humble /usr/bin/cmake --build /home/fssja/ros2-project/build/two_server_controllers -- -j2 -l2
