[ 50%] [32mBuilding CXX object CMakeFiles/go_to.dir/src/go_to.cpp.o[0m
[01m[K/home/fssja/ros2-project/src/two_server_controllers/src/go_to.cpp:6:10:[m[K [01;31m[Kfatal error: [m[Kgeometry_msgs/Twist.hpp: No such file or directory
    6 | #include [01;31m[K"geometry_msgs/Twist.hpp"[m[K
      |          [01;31m[K^~~~~~~~~~~~~~~~~~~~~~~~~[m[K
compilation terminated.
gmake[2]: *** [CMakeFiles/go_to.dir/build.make:76: CMakeFiles/go_to.dir/src/go_to.cpp.o] Error 1
gmake[1]: *** [CMakeFiles/Makefile2:137: CMakeFiles/go_to.dir/all] Error 2
gmake: *** [Makefile:146: all] Error 2
