[35m[1mConsolidate compiler generated dependencies of target go_to_goal[0m
[ 50%] [32mBuilding CXX object CMakeFiles/go_to_goal.dir/src/goto.cpp.o[0m
[01m[K/home/fssja/ros2-project/src/two_server_controllers/src/goto.cpp:[m[K In member function â€˜[01m[Kvoid GoToGoal::go_to_goal()[m[Kâ€™:
[01m[K/home/fssja/ros2-project/src/two_server_controllers/src/goto.cpp:85:15:[m[K [01;31m[Kerror: [m[Kâ€˜[01m[Kusing element_type = class rclcpp::TimerBase[m[Kâ€™ {aka â€˜[01m[Kclass rclcpp::TimerBase[m[Kâ€™} has no member named â€˜[01m[Ksleep[m[Kâ€™
   85 |       timer_->[01;31m[Ksleep[m[K();
      |               [01;31m[K^~~~~[m[K
gmake[2]: *** [CMakeFiles/go_to_goal.dir/build.make:76: CMakeFiles/go_to_goal.dir/src/goto.cpp.o] Error 1
gmake[1]: *** [CMakeFiles/Makefile2:137: CMakeFiles/go_to_goal.dir/all] Error 2
gmake: *** [Makefile:146: all] Error 2
