[35m[1mConsolidate compiler generated dependencies of target go_to_goal[0m
[ 25%] [32mBuilding CXX object CMakeFiles/go_to_goal.dir/src/goto_server.cpp.o[0m
[01m[K/home/fssja/ros2-project/src/two_server_controllers/src/goto_server.cpp:[m[K In member function â€˜[01m[Kint GoToGoal::move_to_goal()[m[Kâ€™:
[01m[K/home/fssja/ros2-project/src/two_server_controllers/src/goto_server.cpp:93:39:[m[K [01;31m[Kerror: [m[Kexpected â€˜[01m[K)[m[Kâ€™ before â€˜[01m[K;[m[Kâ€™ token
   93 |         service_->send_response(req_id[01;31m[K;[m[K, *response_);
      |                                       [01;31m[K^[m[K
[01m[K/home/fssja/ros2-project/src/two_server_controllers/src/goto_server.cpp:93:32:[m[K [01;36m[Knote: [m[Kto match this â€˜[01m[K([m[Kâ€™
   93 |         service_->send_response[01;36m[K([m[Kreq_id;, *response_);
      |                                [01;36m[K^[m[K
[01m[K/home/fssja/ros2-project/src/two_server_controllers/src/goto_server.cpp:93:40:[m[K [01;31m[Kerror: [m[Kexpected primary-expression before â€˜[01m[K,[m[Kâ€™ token
   93 |         service_->send_response(req_id;[01;31m[K,[m[K *response_);
      |                                        [01;31m[K^[m[K
[01m[K/home/fssja/ros2-project/src/two_server_controllers/src/goto_server.cpp:98:3:[m[K [01;35m[Kwarning: [m[Kcontrol reaches end of non-void function [[01;35m[K]8;;https://gcc.gnu.org/onlinedocs/gcc/Warning-Options.html#index-Wreturn-type-Wreturn-type]8;;[m[K]
   98 |   [01;35m[K}[m[K
      |   [01;35m[K^[m[K
gmake[2]: *** [CMakeFiles/go_to_goal.dir/build.make:76: CMakeFiles/go_to_goal.dir/src/goto_server.cpp.o] Error 1
gmake[1]: *** [CMakeFiles/Makefile2:139: CMakeFiles/go_to_goal.dir/all] Error 2
gmake: *** [Makefile:146: all] Error 2
