[0.348s] Invoking command in '/home/fssja/turtlebot3_ws/build/robot_controller': CMAKE_PREFIX_PATH=${CMAKE_PREFIX_PATH}:/home/fssja/turtlebot3_ws/install/turtlebot3_teleop:/home/fssja/turtlebot3_ws/install/turtlebot3_example:/opt/ros/humble /usr/bin/cmake --build /home/fssja/turtlebot3_ws/build/robot_controller -- -j2 -l2
[1.374s] -- Found ament_cmake: 1.3.7 (/opt/ros/humble/share/ament_cmake/cmake)
[2.219s] -- Found rclcpp: 16.0.8 (/opt/ros/humble/share/rclcpp/cmake)
[2.695s] -- Found rosidl_generator_c: 3.1.5 (/opt/ros/humble/share/rosidl_generator_c/cmake)
[2.713s] -- Found rosidl_adapter: 3.1.5 (/opt/ros/humble/share/rosidl_adapter/cmake)
[2.755s] -- Found rosidl_generator_cpp: 3.1.5 (/opt/ros/humble/share/rosidl_generator_cpp/cmake)
[2.811s] -- Using all available rosidl_typesupport_c: rosidl_typesupport_fastrtps_c;rosidl_typesupport_introspection_c
[2.878s] -- Using all available rosidl_typesupport_cpp: rosidl_typesupport_fastrtps_cpp;rosidl_typesupport_introspection_cpp
[3.157s] -- Found rmw_implementation_cmake: 6.1.1 (/opt/ros/humble/share/rmw_implementation_cmake/cmake)
[3.182s] -- Found rmw_fastrtps_cpp: 6.2.6 (/opt/ros/humble/share/rmw_fastrtps_cpp/cmake)
[3.855s] -- Using RMW implementation 'rmw_fastrtps_cpp' as default
[4.593s] -- Found nav_msgs: 4.2.3 (/opt/ros/humble/share/nav_msgs/cmake)
[5.279s] -- Configuring done
[5.697s] -- Generating done
[5.702s] -- Build files have been written to: /home/fssja/turtlebot3_ws/build/robot_controller
[5.945s] [35m[1mConsolidate compiler generated dependencies of target talker[0m
[6.228s] [ 25%] [32mBuilding CXX object CMakeFiles/talker.dir/src/publisher_cmd.cpp.o[0m
[20.366s] [ 50%] [32m[1mLinking CXX executable talker[0m
[21.368s] [ 50%] Built target talker
[21.437s] [35m[1mConsolidate compiler generated dependencies of target listener[0m
[21.531s] [ 75%] [32mBuilding CXX object CMakeFiles/listener.dir/src/subscriber_odom.cpp.o[0m
[27.344s] In file included from [01m[K/opt/ros/humble/include/rclcpp/rclcpp/logging.hpp:24[m[K,
[27.345s]                  from [01m[K/opt/ros/humble/include/rclcpp/rclcpp/client.hpp:40[m[K,
[27.346s]                  from [01m[K/opt/ros/humble/include/rclcpp/rclcpp/callback_group.hpp:24[m[K,
[27.347s]                  from [01m[K/opt/ros/humble/include/rclcpp/rclcpp/any_executable.hpp:20[m[K,
[27.348s]                  from [01m[K/opt/ros/humble/include/rclcpp/rclcpp/memory_strategy.hpp:25[m[K,
[27.349s]                  from [01m[K/opt/ros/humble/include/rclcpp/rclcpp/memory_strategies.hpp:18[m[K,
[27.351s]                  from [01m[K/opt/ros/humble/include/rclcpp/rclcpp/executor_options.hpp:20[m[K,
[27.352s]                  from [01m[K/opt/ros/humble/include/rclcpp/rclcpp/executor.hpp:37[m[K,
[27.353s]                  from [01m[K/opt/ros/humble/include/rclcpp/rclcpp/executors/multi_threaded_executor.hpp:25[m[K,
[27.353s]                  from [01m[K/opt/ros/humble/include/rclcpp/rclcpp/executors.hpp:21[m[K,
[27.353s]                  from [01m[K/opt/ros/humble/include/rclcpp/rclcpp/rclcpp.hpp:155[m[K,
[27.353s]                  from [01m[K/home/fssja/turtlebot3_ws/src/robot_controller/src/subscriber_odom.cpp:3[m[K:
[27.354s] [01m[K/home/fssja/turtlebot3_ws/src/robot_controller/src/subscriber_odom.cpp:[m[K In member function â€˜[01m[Kvoid OdomSubscriber::topic_callback(const Odometry&) const[m[Kâ€™:
[27.354s] [01m[K/home/fssja/turtlebot3_ws/src/robot_controller/src/subscriber_odom.cpp:21:10:[m[K [01;31m[Kerror: [m[Kbase operand of â€˜[01m[K->[m[Kâ€™ has non-pointer type â€˜[01m[Kconst Odometry[m[Kâ€™ {aka â€˜[01m[Kconst nav_msgs::msg::Odometry_<std::allocator<void> >[m[Kâ€™}
[27.354s]    21 |       msg[01;31m[K->[m[Kpose.pose.position.x,
[27.359s]       |          [01;31m[K^~[m[K
[27.359s] [01m[K/home/fssja/turtlebot3_ws/src/robot_controller/src/subscriber_odom.cpp:22:10:[m[K [01;31m[Kerror: [m[Kbase operand of â€˜[01m[K->[m[Kâ€™ has non-pointer type â€˜[01m[Kconst Odometry[m[Kâ€™ {aka â€˜[01m[Kconst nav_msgs::msg::Odometry_<std::allocator<void> >[m[Kâ€™}
[27.359s]    22 |       msg[01;31m[K->[m[Kpose.pose.position.y,
[27.359s]       |          [01;31m[K^~[m[K
[27.359s] [01m[K/home/fssja/turtlebot3_ws/src/robot_controller/src/subscriber_odom.cpp:23:10:[m[K [01;31m[Kerror: [m[Kbase operand of â€˜[01m[K->[m[Kâ€™ has non-pointer type â€˜[01m[Kconst Odometry[m[Kâ€™ {aka â€˜[01m[Kconst nav_msgs::msg::Odometry_<std::allocator<void> >[m[Kâ€™}
[27.360s]    23 |       msg[01;31m[K->[m[Kpose.pose.position.z);
[27.360s]       |          [01;31m[K^~[m[K
[32.763s] gmake[2]: *** [CMakeFiles/listener.dir/build.make:76: CMakeFiles/listener.dir/src/subscriber_odom.cpp.o] Error 1
[32.764s] gmake[1]: *** [CMakeFiles/Makefile2:165: CMakeFiles/listener.dir/all] Error 2
[32.764s] gmake: *** [Makefile:146: all] Error 2
[32.767s] Invoked command in '/home/fssja/turtlebot3_ws/build/robot_controller' returned '2': CMAKE_PREFIX_PATH=${CMAKE_PREFIX_PATH}:/home/fssja/turtlebot3_ws/install/turtlebot3_teleop:/home/fssja/turtlebot3_ws/install/turtlebot3_example:/opt/ros/humble /usr/bin/cmake --build /home/fssja/turtlebot3_ws/build/robot_controller -- -j2 -l2
