[1.019s] Invoking command in '/home/fssja/turtlebot3_ws/build/robot_controller': CMAKE_PREFIX_PATH=${CMAKE_PREFIX_PATH}:/opt/ros/humble /usr/bin/cmake --build /home/fssja/turtlebot3_ws/build/robot_controller -- -j2 -l2
[1.812s] [35m[1mConsolidate compiler generated dependencies of target listener[0m
[2.399s] [ 50%] [32mBuilding CXX object CMakeFiles/listener.dir/src/subscriber_odom.cpp.o[0m
[33.532s] In file included from [01m[K/opt/ros/humble/include/rclcpp/rclcpp/logging.hpp:24[m[K,
[33.533s]                  from [01m[K/opt/ros/humble/include/rclcpp/rclcpp/client.hpp:40[m[K,
[33.533s]                  from [01m[K/opt/ros/humble/include/rclcpp/rclcpp/callback_group.hpp:24[m[K,
[33.534s]                  from [01m[K/opt/ros/humble/include/rclcpp/rclcpp/any_executable.hpp:20[m[K,
[33.534s]                  from [01m[K/opt/ros/humble/include/rclcpp/rclcpp/memory_strategy.hpp:25[m[K,
[33.534s]                  from [01m[K/opt/ros/humble/include/rclcpp/rclcpp/memory_strategies.hpp:18[m[K,
[33.534s]                  from [01m[K/opt/ros/humble/include/rclcpp/rclcpp/executor_options.hpp:20[m[K,
[33.534s]                  from [01m[K/opt/ros/humble/include/rclcpp/rclcpp/executor.hpp:37[m[K,
[33.534s]                  from [01m[K/opt/ros/humble/include/rclcpp/rclcpp/executors/multi_threaded_executor.hpp:25[m[K,
[33.535s]                  from [01m[K/opt/ros/humble/include/rclcpp/rclcpp/executors.hpp:21[m[K,
[33.535s]                  from [01m[K/opt/ros/humble/include/rclcpp/rclcpp/rclcpp.hpp:155[m[K,
[33.535s]                  from [01m[K/home/fssja/turtlebot3_ws/src/robot_controller/src/subscriber_odom.cpp:3[m[K:
[33.535s] [01m[K/home/fssja/turtlebot3_ws/src/robot_controller/src/subscriber_odom.cpp:[m[K In member function â€˜[01m[Kvoid OdomSubscriber::topic_callback(const Odometry&) const[m[Kâ€™:
[33.535s] [01m[K/home/fssja/turtlebot3_ws/src/robot_controller/src/subscriber_odom.cpp:21:10:[m[K [01;31m[Kerror: [m[Kbase operand of â€˜[01m[K->[m[Kâ€™ has non-pointer type â€˜[01m[Kconst Odometry[m[Kâ€™ {aka â€˜[01m[Kconst nav_msgs::msg::Odometry_<std::allocator<void> >[m[Kâ€™}
[33.536s]    21 |       msg[01;31m[K->[m[Kpose.pose.position.x,
[33.536s]       |          [01;31m[K^~[m[K
[33.536s] [01m[K/home/fssja/turtlebot3_ws/src/robot_controller/src/subscriber_odom.cpp:22:10:[m[K [01;31m[Kerror: [m[Kbase operand of â€˜[01m[K->[m[Kâ€™ has non-pointer type â€˜[01m[Kconst Odometry[m[Kâ€™ {aka â€˜[01m[Kconst nav_msgs::msg::Odometry_<std::allocator<void> >[m[Kâ€™}
[33.536s]    22 |       msg[01;31m[K->[m[Kpose.pose.position.y,
[33.536s]       |          [01;31m[K^~[m[K
[33.536s] [01m[K/home/fssja/turtlebot3_ws/src/robot_controller/src/subscriber_odom.cpp:23:10:[m[K [01;31m[Kerror: [m[Kbase operand of â€˜[01m[K->[m[Kâ€™ has non-pointer type â€˜[01m[Kconst Odometry[m[Kâ€™ {aka â€˜[01m[Kconst nav_msgs::msg::Odometry_<std::allocator<void> >[m[Kâ€™}
[33.537s]    23 |       msg[01;31m[K->[m[Kpose.pose.position.z);
[33.542s]       |          [01;31m[K^~[m[K
[44.275s] gmake[2]: *** [CMakeFiles/listener.dir/build.make:76: CMakeFiles/listener.dir/src/subscriber_odom.cpp.o] Error 1
[44.279s] gmake[1]: *** [CMakeFiles/Makefile2:137: CMakeFiles/listener.dir/all] Error 2
[44.280s] gmake: *** [Makefile:146: all] Error 2
[44.280s] Invoked command in '/home/fssja/turtlebot3_ws/build/robot_controller' returned '2': CMAKE_PREFIX_PATH=${CMAKE_PREFIX_PATH}:/opt/ros/humble /usr/bin/cmake --build /home/fssja/turtlebot3_ws/build/robot_controller -- -j2 -l2
