[01m[K/home/fssja/ros2-project/src/two_server_controllers/src/goto.cpp:[m[K In member function â€˜[01m[Kvoid GoToGoal::go_to_goal()[m[Kâ€™:
[01m[K/home/fssja/ros2-project/src/two_server_controllers/src/goto.cpp:80:14:[m[K [01;31m[Kerror: [m[Kreturn-statement with a value, in function returning â€˜[01m[Kvoid[m[Kâ€™ [[01;31m[K]8;;https://gcc.gnu.org/onlinedocs/gcc/Warning-Options.html#index-fpermissive-fpermissive]8;;[m[K]
   80 |       return [01;31m[K0[m[K;
      |              [01;31m[K^[m[K
gmake[2]: *** [CMakeFiles/go_to_goal.dir/build.make:76: CMakeFiles/go_to_goal.dir/src/goto.cpp.o] Error 1
gmake[1]: *** [CMakeFiles/Makefile2:137: CMakeFiles/go_to_goal.dir/all] Error 2
gmake: *** [Makefile:146: all] Error 2
