[0.315s] Invoking command in '/home/fssja/ros2-project/build/two_server_controllers': CMAKE_PREFIX_PATH=${CMAKE_PREFIX_PATH}:/home/fssja/turtlebot3_ws/install/turtlebot3_teleop:/home/fssja/turtlebot3_ws/install/turtlebot3_example:/opt/ros/humble /usr/bin/cmake --build /home/fssja/ros2-project/build/two_server_controllers -- -j2 -l2
[0.427s] [35m[1mConsolidate compiler generated dependencies of target go_to[0m
[0.481s] [ 50%] [32mBuilding CXX object CMakeFiles/go_to.dir/src/goto.cpp.o[0m
[6.886s] [01m[K/home/fssja/ros2-project/src/two_server_controllers/src/goto.cpp:[m[K In constructor â€˜[01m[KGoTo::GoTo()[m[Kâ€™:
[6.886s] [01m[K/home/fssja/ros2-project/src/two_server_controllers/src/goto.cpp:14:5:[m[K [01;31m[Kerror: [m[Kâ€˜[01m[Kvelocity_publisher[m[Kâ€™ was not declared in this scope; did you mean â€˜[01m[Kvelocity_publisher_[m[Kâ€™?
[6.886s]    14 |     [01;31m[Kvelocity_publisher[m[K =
[6.886s]       |     [01;31m[K^~~~~~~~~~~~~~~~~~[m[K
[6.887s]       |     [32m[Kvelocity_publisher_[m[K
[6.909s] [01m[K/home/fssja/ros2-project/src/two_server_controllers/src/goto.cpp:17:5:[m[K [01;31m[Kerror: [m[Kâ€˜[01m[Kpose_subscriber[m[Kâ€™ was not declared in this scope; did you mean â€˜[01m[Kpose_subscriber_[m[Kâ€™?
[6.910s]    17 |     [01;31m[Kpose_subscriber[m[K =
[6.910s]       |     [01;31m[K^~~~~~~~~~~~~~~[m[K
[6.910s]       |     [32m[Kpose_subscriber_[m[K
[6.910s] [01m[K/home/fssja/ros2-project/src/two_server_controllers/src/goto.cpp:18:11:[m[K [01;31m[Kerror: [m[Kparse error in template argument list
[6.911s]    18 |     this->[01;31m[Kcreate_subscription<turtlesim::msg:::Pose>[m[K("/turtle1/pose", 10, std::bind(&GoTo::pose_callback, this, std::placeholders::_1));
[6.911s]       |           [01;31m[K^~~~~~~~~~~~~~~~~~~~~~~~~~~~~~~~~~~~~~~~~~[m[K
[6.936s] [01m[K/home/fssja/ros2-project/src/two_server_controllers/src/goto.cpp:18:53:[m[K [01;31m[Kerror: [m[Kno matching function for call to â€˜[01m[KGoTo::create_subscription<<expression error> >(const char [14], int, std::_Bind_helper<false, void (GoTo::*)(std::shared_ptr<turtlesim::msg::Pose_<std::allocator<void> > >), GoTo*, const std::_Placeholder<1>&>::type)[m[Kâ€™
[6.936s]    18 |     [01;31m[Kthis->create_subscription<turtlesim::msg:::Pose>("/turtle1/pose", 10, std::bind(&GoTo::pose_callback, this, std::placeholders::_1))[m[K;
[6.936s]       |     [01;31m[K~~~~~~~~~~~~~~~~~~~~~~~~~~~~~~~~~~~~~~~~~~~~~~~~^~~~~~~~~~~~~~~~~~~~~~~~~~~~~~~~~~~~~~~~~~~~~~~~~~~~~~~~~~~~~~~~~~~~~~~~~~~~~~~~~~~[m[K
[6.937s] In file included from [01m[K/opt/ros/humble/include/rclcpp/rclcpp/executors/single_threaded_executor.hpp:28[m[K,
[6.937s]                  from [01m[K/opt/ros/humble/include/rclcpp/rclcpp/executors.hpp:22[m[K,
[6.937s]                  from [01m[K/opt/ros/humble/include/rclcpp/rclcpp/rclcpp.hpp:155[m[K,
[6.937s]                  from [01m[K/home/fssja/ros2-project/src/two_server_controllers/src/goto.cpp:3[m[K:
[6.937s] [01m[K/opt/ros/humble/include/rclcpp/rclcpp/node.hpp:219:3:[m[K [01;36m[Knote: [m[Kcandidate: â€˜[01m[Ktemplate<class MessageT, class CallbackT, class AllocatorT, class SubscriptionT, class MessageMemoryStrategyT> std::shared_ptr<ROSMessageT> rclcpp::Node::create_subscription(const string&, const rclcpp::QoS&, CallbackT&&, const rclcpp::SubscriptionOptionsWithAllocator<AllocatorT>&, typename MessageMemoryStrategyT::SharedPtr)[m[Kâ€™
[6.937s]   219 |   [01;36m[Kcreate_subscription[m[K(
[6.938s]       |   [01;36m[K^~~~~~~~~~~~~~~~~~~[m[K
[6.938s] [01m[K/opt/ros/humble/include/rclcpp/rclcpp/node.hpp:219:3:[m[K [01;36m[Knote: [m[K  template argument deduction/substitution failed:
[6.938s] [01m[K/home/fssja/ros2-project/src/two_server_controllers/src/goto.cpp:18:53:[m[K [01;31m[Kerror: [m[Ktemplate argument 1 is invalid
[6.938s]    18 |     [01;31m[Kthis->create_subscription<turtlesim::msg:::Pose>("/turtle1/pose", 10, std::bind(&GoTo::pose_callback, this, std::placeholders::_1))[m[K;
[6.938s]       |     [01;31m[K~~~~~~~~~~~~~~~~~~~~~~~~~~~~~~~~~~~~~~~~~~~~~~~~^~~~~~~~~~~~~~~~~~~~~~~~~~~~~~~~~~~~~~~~~~~~~~~~~~~~~~~~~~~~~~~~~~~~~~~~~~~~~~~~~~~[m[K
[6.946s] [01m[K/home/fssja/ros2-project/src/two_server_controllers/src/goto.cpp:20:79:[m[K [01;31m[Kerror: [m[Kâ€˜[01m[KGotTo[m[Kâ€™ has not been declared
[6.946s]    20 | create_wall_timer(std::chrono::nanoseconds(10), std::bind(&[01;31m[KGotTo[m[K::go_to_goal, this));
[6.946s]       |                                                            [01;31m[K^~~~~[m[K
[6.946s] 
[6.948s] [01m[K/home/fssja/ros2-project/src/two_server_controllers/src/goto.cpp:21:5:[m[K [01;31m[Kerror: [m[Kâ€˜[01m[Kgo_to[m[Kâ€™ has not been declared
[6.948s]    21 |     [01;31m[Kgo_to[m[K::set_goal();
[6.948s]       |     [01;31m[K^~~~~[m[K
[8.843s] gmake[2]: *** [CMakeFiles/go_to.dir/build.make:76: CMakeFiles/go_to.dir/src/goto.cpp.o] Error 1
[8.844s] gmake[1]: *** [CMakeFiles/Makefile2:137: CMakeFiles/go_to.dir/all] Error 2
[8.844s] gmake: *** [Makefile:146: all] Error 2
[8.849s] Invoked command in '/home/fssja/ros2-project/build/two_server_controllers' returned '2': CMAKE_PREFIX_PATH=${CMAKE_PREFIX_PATH}:/home/fssja/turtlebot3_ws/install/turtlebot3_teleop:/home/fssja/turtlebot3_ws/install/turtlebot3_example:/opt/ros/humble /usr/bin/cmake --build /home/fssja/ros2-project/build/two_server_controllers -- -j2 -l2
