[0.075s] Invoking command in '/home/fssja/ros2-project/build/two_server_controllers': CMAKE_PREFIX_PATH=/home/fssja/ros2-project/install/custom_interfaces:/home/fssja/ros2-project/install/two_server_controllers:/home/fssja/turtlebot3_ws/install/turtlebot3:/home/fssja/turtlebot3_ws/install/turtlebot3_simulations:/home/fssja/turtlebot3_ws/install/turtlebot3_bringup:/home/fssja/turtlebot3_ws/install/turtlebot3_node:/home/fssja/turtlebot3_ws/install/turtlebot3_navigation2:/home/fssja/turtlebot3_ws/install/turtlebot3_fake_node:/home/fssja/turtlebot3_ws/install/turtlebot3_msgs:/home/fssja/turtlebot3_ws/install/turtlebot3_gazebo:/home/fssja/turtlebot3_ws/install/turtlebot3_description:/home/fssja/turtlebot3_ws/install/turtlebot3_cartographer:/home/fssja/turtlebot3_ws/install/robot_controller:/home/fssja/turtlebot3_ws/install/dynamixel_sdk_examples:/home/fssja/turtlebot3_ws/install/dynamixel_sdk_custom_interfaces:/home/fssja/turtlebot3_ws/install/dynamixel_sdk:/home/fssja/ros2_ws/install/the_publisher:/home/fssja/ros2_ws/install/robot_controller:/home/fssja/ros2_ws/install/publish_and_subscribe:/home/fssja/ros2_ws/install/add_two_nums:/home/fssja/turtlebot3_ws/install/turtlebot3_teleop:/home/fssja/turtlebot3_ws/install/turtlebot3_example:/opt/ros/humble /usr/bin/cmake --build /home/fssja/ros2-project/build/two_server_controllers -- -j2 -l2
[0.255s] [35m[1mConsolidate compiler generated dependencies of target go_to_goal[0m
[0.334s] [ 50%] Built target the_client
[0.375s] [ 75%] [32mBuilding CXX object CMakeFiles/go_to_goal.dir/src/goto_server.cpp.o[0m
[8.939s] [01m[K/home/fssja/ros2-project/src/two_server_controllers/src/goto_server.cpp:[m[K In constructor â€˜[01m[KGoToGoal::GoToGoal()[m[Kâ€™:
[8.940s] [01m[K/home/fssja/ros2-project/src/two_server_controllers/src/goto_server.cpp:18:114:[m[K [01;31m[Kerror: [m[Kâ€˜[01m[Kpose_callback[m[Kâ€™ is not a member of â€˜[01m[KGoToGoal[m[Kâ€™
[8.940s]    18 | :msg::Pose>("/turtle1/pose", 10, std::bind(&GoToGoal::[01;31m[Kpose_callback[m[K, this, _1));
[8.940s]       |                                                       [01;31m[K^~~~~~~~~~~~~[m[K
[8.941s] 
[9.034s] [01m[K/home/fssja/ros2-project/src/two_server_controllers/src/goto_server.cpp:[m[K In member function â€˜[01m[Kvoid GoToGoal::go_to(std::shared_ptr<custom_interfaces::srv::Goto_Request_<std::allocator<void> > >, std::shared_ptr<custom_interfaces::srv::Goto_Response_<std::allocator<void> > >)[m[Kâ€™:
[9.034s] [01m[K/home/fssja/ros2-project/src/two_server_controllers/src/goto_server.cpp:42:35:[m[K [01;31m[Kerror: [m[Kno matching function for call to â€˜[01m[KGoToGoal::create_wall_timer(std::chrono::milliseconds, std::_Bind<void (GoToGoal::*(GoToGoal*, std::shared_ptr<custom_interfaces::srv::Goto_Response_<std::allocator<void> > >))(std::shared_ptr<custom_interfaces::srv::Goto_Response_<std::allocator<void> > >)>&)[m[Kâ€™
[9.035s]    42 |   timer_ = [01;31m[Kthis->create_wall_timer(10ms, move_to_goal_callback)[m[K;
[9.035s]       |            [01;31m[K~~~~~~~~~~~~~~~~~~~~~~~^~~~~~~~~~~~~~~~~~~~~~~~~~~~~[m[K
[9.038s] In file included from [01m[K/opt/ros/humble/include/rclcpp/rclcpp/executors/single_threaded_executor.hpp:28[m[K,
[9.038s]                  from [01m[K/opt/ros/humble/include/rclcpp/rclcpp/executors.hpp:22[m[K,
[9.038s]                  from [01m[K/opt/ros/humble/include/rclcpp/rclcpp/rclcpp.hpp:155[m[K,
[9.038s]                  from [01m[K/home/fssja/ros2-project/src/two_server_controllers/src/goto_server.cpp:1[m[K:
[9.039s] [01m[K/opt/ros/humble/include/rclcpp/rclcpp/node.hpp:238:3:[m[K [01;36m[Knote: [m[Kcandidate: â€˜[01m[Ktemplate<class DurationRepT, class DurationT, class CallbackT> typename rclcpp::WallTimer<CallbackT>::SharedPtr rclcpp::Node::create_wall_timer(std::chrono::duration<_Rep1, _Period1>, CallbackT, rclcpp::CallbackGroup::SharedPtr)[m[Kâ€™
[9.039s]   238 |   [01;36m[Kcreate_wall_timer[m[K(
[9.039s]       |   [01;36m[K^~~~~~~~~~~~~~~~~[m[K
[9.039s] [01m[K/opt/ros/humble/include/rclcpp/rclcpp/node.hpp:238:3:[m[K [01;36m[Knote: [m[K  template argument deduction/substitution failed:
[9.039s] In file included from [01m[K/opt/ros/humble/include/rclcpp/rclcpp/node.hpp:1321[m[K,
[9.040s]                  from [01m[K/opt/ros/humble/include/rclcpp/rclcpp/executors/single_threaded_executor.hpp:28[m[K,
[9.040s]                  from [01m[K/opt/ros/humble/include/rclcpp/rclcpp/executors.hpp:22[m[K,
[9.040s]                  from [01m[K/opt/ros/humble/include/rclcpp/rclcpp/rclcpp.hpp:155[m[K,
[9.040s]                  from [01m[K/home/fssja/ros2-project/src/two_server_controllers/src/goto_server.cpp:1[m[K:
[9.040s] /opt/ros/humble/include/rclcpp/rclcpp/node_impl.hpp: In substitution of â€˜[01m[Ktemplate<class DurationRepT, class DurationT, class CallbackT> typename rclcpp::WallTimer<CallbackT>::SharedPtr rclcpp::Node::create_wall_timer(std::chrono::duration<_Rep1, _Period1>, CallbackT, rclcpp::CallbackGroup::SharedPtr) [with DurationRepT = long int; DurationT = std::ratio<1, 1000>; CallbackT = std::_Bind<void (GoToGoal::*(GoToGoal*, std::shared_ptr<custom_interfaces::srv::Goto_Response_<std::allocator<void> > >))(std::shared_ptr<custom_interfaces::srv::Goto_Response_<std::allocator<void> > >)>][m[Kâ€™:
[9.041s] [01m[K/home/fssja/ros2-project/src/two_server_controllers/src/goto_server.cpp:42:35:[m[K   required from here
[9.041s] [01m[K/opt/ros/humble/include/rclcpp/rclcpp/node_impl.hpp:110:1:[m[K [01;31m[Kerror: [m[Kno type named â€˜[01m[Ktype[m[Kâ€™ in â€˜[01m[Kstruct std::enable_if<false, void>[m[Kâ€™
[9.041s]   110 | [01;31m[KNode[m[K::create_wall_timer(
[9.041s]       | [01;31m[K^~~~[m[K
[9.041s] [01m[K/opt/ros/humble/include/rclcpp/rclcpp/node_impl.hpp:110:1:[m[K [01;31m[Kerror: [m[Kno type named â€˜[01m[Ktype[m[Kâ€™ in â€˜[01m[Kstruct std::enable_if<false, void>[m[Kâ€™
[9.042s] [01m[K/opt/ros/humble/include/rclcpp/rclcpp/node_impl.hpp:110:1:[m[K [01;36m[Knote: [m[Kinvalid template non-type parameter
[12.643s] gmake[2]: *** [CMakeFiles/go_to_goal.dir/build.make:76: CMakeFiles/go_to_goal.dir/src/goto_server.cpp.o] Error 1
[12.643s] gmake[1]: *** [CMakeFiles/Makefile2:139: CMakeFiles/go_to_goal.dir/all] Error 2
[12.645s] gmake: *** [Makefile:146: all] Error 2
[12.653s] Invoked command in '/home/fssja/ros2-project/build/two_server_controllers' returned '2': CMAKE_PREFIX_PATH=/home/fssja/ros2-project/install/custom_interfaces:/home/fssja/ros2-project/install/two_server_controllers:/home/fssja/turtlebot3_ws/install/turtlebot3:/home/fssja/turtlebot3_ws/install/turtlebot3_simulations:/home/fssja/turtlebot3_ws/install/turtlebot3_bringup:/home/fssja/turtlebot3_ws/install/turtlebot3_node:/home/fssja/turtlebot3_ws/install/turtlebot3_navigation2:/home/fssja/turtlebot3_ws/install/turtlebot3_fake_node:/home/fssja/turtlebot3_ws/install/turtlebot3_msgs:/home/fssja/turtlebot3_ws/install/turtlebot3_gazebo:/home/fssja/turtlebot3_ws/install/turtlebot3_description:/home/fssja/turtlebot3_ws/install/turtlebot3_cartographer:/home/fssja/turtlebot3_ws/install/robot_controller:/home/fssja/turtlebot3_ws/install/dynamixel_sdk_examples:/home/fssja/turtlebot3_ws/install/dynamixel_sdk_custom_interfaces:/home/fssja/turtlebot3_ws/install/dynamixel_sdk:/home/fssja/ros2_ws/install/the_publisher:/home/fssja/ros2_ws/install/robot_controller:/home/fssja/ros2_ws/install/publish_and_subscribe:/home/fssja/ros2_ws/install/add_two_nums:/home/fssja/turtlebot3_ws/install/turtlebot3_teleop:/home/fssja/turtlebot3_ws/install/turtlebot3_example:/opt/ros/humble /usr/bin/cmake --build /home/fssja/ros2-project/build/two_server_controllers -- -j2 -l2
