[35m[1mConsolidate compiler generated dependencies of target go_to_goal[0m
[ 50%] [32mBuilding CXX object CMakeFiles/go_to_goal.dir/src/goto.cpp.o[0m
[01m[K/home/fssja/ros2-project/src/two_server_controllers/src/goto.cpp:[m[K In member function â€˜[01m[Kvoid GoToGoal::go_to_goal()[m[Kâ€™:
[01m[K/home/fssja/ros2-project/src/two_server_controllers/src/goto.cpp:59:30:[m[K [01;31m[Kerror: [m[Kâ€˜[01m[Kdistance_tolerance_1[m[Kâ€™ was not declared in this scope; did you mean â€˜[01m[Kdistance_tolerance[m[Kâ€™?
   59 |     if (euclidean_distance > [01;31m[Kdistance_tolerance_1[m[K)
      |                              [01;31m[K^~~~~~~~~~~~~~~~~~~~[m[K
      |                              [32m[Kdistance_tolerance[m[K
gmake[2]: *** [CMakeFiles/go_to_goal.dir/build.make:76: CMakeFiles/go_to_goal.dir/src/goto.cpp.o] Error 1
gmake[1]: *** [CMakeFiles/Makefile2:137: CMakeFiles/go_to_goal.dir/all] Error 2
gmake: *** [Makefile:146: all] Error 2
