[0.060s] Invoking command in '/home/fssja/ros2-project/build/two_server_controllers': CMAKE_PREFIX_PATH=/home/fssja/ros2-project/install/custom_interfaces:/home/fssja/ros2-project/install/two_server_controllers:/home/fssja/turtlebot3_ws/install/turtlebot3:/home/fssja/turtlebot3_ws/install/turtlebot3_simulations:/home/fssja/turtlebot3_ws/install/turtlebot3_bringup:/home/fssja/turtlebot3_ws/install/turtlebot3_node:/home/fssja/turtlebot3_ws/install/turtlebot3_navigation2:/home/fssja/turtlebot3_ws/install/turtlebot3_fake_node:/home/fssja/turtlebot3_ws/install/turtlebot3_msgs:/home/fssja/turtlebot3_ws/install/turtlebot3_gazebo:/home/fssja/turtlebot3_ws/install/turtlebot3_description:/home/fssja/turtlebot3_ws/install/turtlebot3_cartographer:/home/fssja/turtlebot3_ws/install/robot_controller:/home/fssja/turtlebot3_ws/install/dynamixel_sdk_examples:/home/fssja/turtlebot3_ws/install/dynamixel_sdk_custom_interfaces:/home/fssja/turtlebot3_ws/install/dynamixel_sdk:/home/fssja/ros2_ws/install/the_publisher:/home/fssja/ros2_ws/install/robot_controller:/home/fssja/ros2_ws/install/publish_and_subscribe:/home/fssja/ros2_ws/install/add_two_nums:/home/fssja/turtlebot3_ws/install/turtlebot3_teleop:/home/fssja/turtlebot3_ws/install/turtlebot3_example:/opt/ros/humble /usr/bin/cmake --build /home/fssja/ros2-project/build/two_server_controllers -- -j2 -l2
[0.176s] [35m[1mConsolidate compiler generated dependencies of target go_to_goal[0m
[0.216s] [ 25%] [32mBuilding CXX object CMakeFiles/go_to_goal.dir/src/goto_server.cpp.o[0m
[7.031s] [01m[K/home/fssja/ros2-project/src/two_server_controllers/src/goto_server.cpp:112:7:[m[K [01;31m[Kerror: [m[Kexpected â€˜[01m[K;[m[Kâ€™ at end of member declaration
[7.031s]   112 |   int [01;31m[Kflag[m[K my_flag;
[7.032s]       |       [01;31m[K^~~~[m[K
[7.032s]       |           [32m[K;[m[K
[7.046s] [01m[K/home/fssja/ros2-project/src/two_server_controllers/src/goto_server.cpp:112:12:[m[K [01;31m[Kerror: [m[Kâ€˜[01m[Kmy_flag[m[Kâ€™ does not name a type
[7.047s]   112 |   int flag [01;31m[Kmy_flag[m[K;
[7.047s]       |            [01;31m[K^~~~~~~[m[K
[7.094s] [01m[K/home/fssja/ros2-project/src/two_server_controllers/src/goto_server.cpp:[m[K In member function â€˜[01m[Kvoid GoToGoal::go_to(std::shared_ptr<custom_interfaces::srv::Goto_Request_<std::allocator<void> > >, std::shared_ptr<custom_interfaces::srv::Goto_Response_<std::allocator<void> > >)[m[Kâ€™:
[7.095s] [01m[K/home/fssja/ros2-project/src/two_server_controllers/src/goto_server.cpp:39:5:[m[K [01;31m[Kerror: [m[Kâ€˜[01m[Kmy_flag[m[Kâ€™ was not declared in this scope; did you mean â€˜[01m[Kflag[m[Kâ€™?
[7.095s]    39 |     [01;31m[Kmy_flag[m[K = 1;
[7.096s]       |     [01;31m[K^~~~~~~[m[K
[7.096s]       |     [32m[Kflag[m[K
[7.118s] [01m[K/home/fssja/ros2-project/src/two_server_controllers/src/goto_server.cpp:[m[K In member function â€˜[01m[Kvoid GoToGoal::move_to_goal()[m[Kâ€™:
[7.118s] [01m[K/home/fssja/ros2-project/src/two_server_controllers/src/goto_server.cpp:62:9:[m[K [01;31m[Kerror: [m[Kâ€˜[01m[Kmy_flag[m[Kâ€™ was not declared in this scope; did you mean â€˜[01m[Kflag[m[Kâ€™?
[7.118s]    62 |     if ([01;31m[Kmy_flag[m[K == 1 && count_ > 2)
[7.118s]       |         [01;31m[K^~~~~~~[m[K
[7.118s]       |         [32m[Kflag[m[K
[7.119s] [01m[K/home/fssja/ros2-project/src/two_server_controllers/src/goto_server.cpp:67:27:[m[K [01;31m[Kerror: [m[Kexpected primary-expression before â€˜[01m[K)[m[Kâ€™ token
[7.119s]    67 |     else if (my_flag == 0;[01;31m[K)[m[K
[7.119s]       |                           [01;31m[K^[m[K
[13.244s] gmake[2]: *** [CMakeFiles/go_to_goal.dir/build.make:76: CMakeFiles/go_to_goal.dir/src/goto_server.cpp.o] Error 1
[13.244s] gmake[1]: *** [CMakeFiles/Makefile2:139: CMakeFiles/go_to_goal.dir/all] Error 2
[13.245s] gmake: *** [Makefile:146: all] Error 2
[13.249s] Invoked command in '/home/fssja/ros2-project/build/two_server_controllers' returned '2': CMAKE_PREFIX_PATH=/home/fssja/ros2-project/install/custom_interfaces:/home/fssja/ros2-project/install/two_server_controllers:/home/fssja/turtlebot3_ws/install/turtlebot3:/home/fssja/turtlebot3_ws/install/turtlebot3_simulations:/home/fssja/turtlebot3_ws/install/turtlebot3_bringup:/home/fssja/turtlebot3_ws/install/turtlebot3_node:/home/fssja/turtlebot3_ws/install/turtlebot3_navigation2:/home/fssja/turtlebot3_ws/install/turtlebot3_fake_node:/home/fssja/turtlebot3_ws/install/turtlebot3_msgs:/home/fssja/turtlebot3_ws/install/turtlebot3_gazebo:/home/fssja/turtlebot3_ws/install/turtlebot3_description:/home/fssja/turtlebot3_ws/install/turtlebot3_cartographer:/home/fssja/turtlebot3_ws/install/robot_controller:/home/fssja/turtlebot3_ws/install/dynamixel_sdk_examples:/home/fssja/turtlebot3_ws/install/dynamixel_sdk_custom_interfaces:/home/fssja/turtlebot3_ws/install/dynamixel_sdk:/home/fssja/ros2_ws/install/the_publisher:/home/fssja/ros2_ws/install/robot_controller:/home/fssja/ros2_ws/install/publish_and_subscribe:/home/fssja/ros2_ws/install/add_two_nums:/home/fssja/turtlebot3_ws/install/turtlebot3_teleop:/home/fssja/turtlebot3_ws/install/turtlebot3_example:/opt/ros/humble /usr/bin/cmake --build /home/fssja/ros2-project/build/two_server_controllers -- -j2 -l2
