[0.439s] Invoking command in '/home/fssja/ros2-project/build/two_server_controllers': CMAKE_PREFIX_PATH=${CMAKE_PREFIX_PATH}:/home/fssja/turtlebot3_ws/install/turtlebot3_teleop:/home/fssja/turtlebot3_ws/install/turtlebot3_example:/opt/ros/humble /usr/bin/cmake --build /home/fssja/ros2-project/build/two_server_controllers -- -j2 -l2
[0.872s] [35m[1mConsolidate compiler generated dependencies of target go_to[0m
[0.927s] [ 50%] [32mBuilding CXX object CMakeFiles/go_to.dir/src/goto.cpp.o[0m
[9.380s] [01m[K/home/fssja/ros2-project/src/two_server_controllers/src/goto.cpp:[m[K In constructor â€˜[01m[KGoTo::GoTo()[m[Kâ€™:
[9.380s] [01m[K/home/fssja/ros2-project/src/two_server_controllers/src/goto.cpp:18:11:[m[K [01;31m[Kerror: [m[Kparse error in template argument list
[9.380s]    18 |     this->[01;31m[Kcreate_subscription<turtlesim::msg:::Pose>[m[K("/turtle1/pose", 10, std::bind(&GoTo::pose_callback, this, std::placeholders::_1));
[9.381s]       |           [01;31m[K^~~~~~~~~~~~~~~~~~~~~~~~~~~~~~~~~~~~~~~~~~[m[K
[9.392s] [01m[K/home/fssja/ros2-project/src/two_server_controllers/src/goto.cpp:18:53:[m[K [01;31m[Kerror: [m[Kno matching function for call to â€˜[01m[KGoTo::create_subscription<<expression error> >(const char [14], int, std::_Bind_helper<false, void (GoTo::*)(std::shared_ptr<turtlesim::msg::Pose_<std::allocator<void> > >), GoTo*, const std::_Placeholder<1>&>::type)[m[Kâ€™
[9.392s]    18 |     [01;31m[Kthis->create_subscription<turtlesim::msg:::Pose>("/turtle1/pose", 10, std::bind(&GoTo::pose_callback, this, std::placeholders::_1))[m[K;
[9.392s]       |     [01;31m[K~~~~~~~~~~~~~~~~~~~~~~~~~~~~~~~~~~~~~~~~~~~~~~~~^~~~~~~~~~~~~~~~~~~~~~~~~~~~~~~~~~~~~~~~~~~~~~~~~~~~~~~~~~~~~~~~~~~~~~~~~~~~~~~~~~~[m[K
[9.394s] In file included from [01m[K/opt/ros/humble/include/rclcpp/rclcpp/executors/single_threaded_executor.hpp:28[m[K,
[9.395s]                  from [01m[K/opt/ros/humble/include/rclcpp/rclcpp/executors.hpp:22[m[K,
[9.395s]                  from [01m[K/opt/ros/humble/include/rclcpp/rclcpp/rclcpp.hpp:155[m[K,
[9.395s]                  from [01m[K/home/fssja/ros2-project/src/two_server_controllers/src/goto.cpp:3[m[K:
[9.395s] [01m[K/opt/ros/humble/include/rclcpp/rclcpp/node.hpp:219:3:[m[K [01;36m[Knote: [m[Kcandidate: â€˜[01m[Ktemplate<class MessageT, class CallbackT, class AllocatorT, class SubscriptionT, class MessageMemoryStrategyT> std::shared_ptr<ROSMessageT> rclcpp::Node::create_subscription(const string&, const rclcpp::QoS&, CallbackT&&, const rclcpp::SubscriptionOptionsWithAllocator<AllocatorT>&, typename MessageMemoryStrategyT::SharedPtr)[m[Kâ€™
[9.395s]   219 |   [01;36m[Kcreate_subscription[m[K(
[9.398s]       |   [01;36m[K^~~~~~~~~~~~~~~~~~~[m[K
[9.399s] [01m[K/opt/ros/humble/include/rclcpp/rclcpp/node.hpp:219:3:[m[K [01;36m[Knote: [m[K  template argument deduction/substitution failed:
[9.399s] [01m[K/home/fssja/ros2-project/src/two_server_controllers/src/goto.cpp:18:53:[m[K [01;31m[Kerror: [m[Ktemplate argument 1 is invalid
[9.399s]    18 |     [01;31m[Kthis->create_subscription<turtlesim::msg:::Pose>("/turtle1/pose", 10, std::bind(&GoTo::pose_callback, this, std::placeholders::_1))[m[K;
[9.399s]       |     [01;31m[K~~~~~~~~~~~~~~~~~~~~~~~~~~~~~~~~~~~~~~~~~~~~~~~~^~~~~~~~~~~~~~~~~~~~~~~~~~~~~~~~~~~~~~~~~~~~~~~~~~~~~~~~~~~~~~~~~~~~~~~~~~~~~~~~~~~[m[K
[11.391s] gmake[2]: *** [CMakeFiles/go_to.dir/build.make:76: CMakeFiles/go_to.dir/src/goto.cpp.o] Error 1
[11.392s] gmake[1]: *** [CMakeFiles/Makefile2:137: CMakeFiles/go_to.dir/all] Error 2
[11.392s] gmake: *** [Makefile:146: all] Error 2
[11.396s] Invoked command in '/home/fssja/ros2-project/build/two_server_controllers' returned '2': CMAKE_PREFIX_PATH=${CMAKE_PREFIX_PATH}:/home/fssja/turtlebot3_ws/install/turtlebot3_teleop:/home/fssja/turtlebot3_ws/install/turtlebot3_example:/opt/ros/humble /usr/bin/cmake --build /home/fssja/ros2-project/build/two_server_controllers -- -j2 -l2
