[01m[K/home/fssja/ros2-project/src/two_server_controllers/src/goto_server.cpp:[m[K In member function â€˜[01m[Kint GoToGoal::move_to_goal()[m[Kâ€™:
[01m[K/home/fssja/ros2-project/src/two_server_controllers/src/goto_server.cpp:88:38:[m[K [01;31m[Kerror: [m[Kâ€˜[01m[Kspeed_[m[Kâ€™ was not declared in this scope; did you mean â€˜[01m[Kspeed[m[Kâ€™?
   88 |         velocity_publisher_->publish([01;31m[Kspeed_[m[K);
      |                                      [01;31m[K^~~~~~[m[K
      |                                      [32m[Kspeed[m[K
[01m[K/home/fssja/ros2-project/src/two_server_controllers/src/goto_server.cpp:91:37:[m[K [01;31m[Kerror: [m[Kâ€˜[01m[Kresponse[m[Kâ€™ was not declared in this scope; did you mean â€˜[01m[Kresponse_[m[Kâ€™?
   91 |         service_->send_response(0, *[01;31m[Kresponse[m[K);
      |                                     [01;31m[K^~~~~~~~[m[K
      |                                     [32m[Kresponse_[m[K
[01m[K/home/fssja/ros2-project/src/two_server_controllers/src/goto_server.cpp:96:3:[m[K [01;35m[Kwarning: [m[Kcontrol reaches end of non-void function [[01;35m[K]8;;https://gcc.gnu.org/onlinedocs/gcc/Warning-Options.html#index-Wreturn-type-Wreturn-type]8;;[m[K]
   96 |   [01;35m[K}[m[K
      |   [01;35m[K^[m[K
gmake[2]: *** [CMakeFiles/go_to_goal.dir/build.make:76: CMakeFiles/go_to_goal.dir/src/goto_server.cpp.o] Error 1
gmake[1]: *** [CMakeFiles/Makefile2:139: CMakeFiles/go_to_goal.dir/all] Error 2
gmake: *** [Makefile:146: all] Error 2
