[0.672s] Invoking command in '/home/fssja/turtlebot3_ws/build/robot_controller': CMAKE_PREFIX_PATH=${CMAKE_PREFIX_PATH}:/opt/ros/humble /usr/bin/cmake --build /home/fssja/turtlebot3_ws/build/robot_controller -- -j2 -l2
[0.896s] [35m[1mConsolidate compiler generated dependencies of target talker[0m
[1.014s] [ 25%] [32mBuilding CXX object CMakeFiles/talker.dir/src/publisher_cmd.cpp.o[0m
[13.061s] [01m[K/home/fssja/turtlebot3_ws/src/robot_controller/src/publisher_cmd.cpp:34:43:[m[K [01;31m[Kerror: [m[Kâ€˜[01m[KString[m[Kâ€™ is not a member of â€˜[01m[Kgeometry_msgs::msg[m[Kâ€™
[13.063s]    34 |     rclcpp::Publisher<geometry_msgs::msg::[01;31m[KString[m[K>::SharedPtr publisher_;
[13.064s]       |                                           [01;31m[K^~~~~~[m[K
[13.065s] [01m[K/home/fssja/turtlebot3_ws/src/robot_controller/src/publisher_cmd.cpp:34:49:[m[K [01;31m[Kerror: [m[Ktemplate argument 1 is invalid
[13.066s]    34 |     rclcpp::Publisher<geometry_msgs::msg::String[01;31m[K>[m[K::SharedPtr publisher_;
[13.067s]       |                                                 [01;31m[K^[m[K
[13.068s] [01m[K/home/fssja/turtlebot3_ws/src/robot_controller/src/publisher_cmd.cpp:34:52:[m[K [01;31m[Kerror: [m[Kexpected â€˜[01m[K;[m[Kâ€™ at end of member declaration
[13.068s]    34 |     rclcpp::Publisher<geometry_msgs::msg::String>::[01;31m[KSharedPtr[m[K publisher_;
[13.097s]       |                                                    [01;31m[K^~~~~~~~~[m[K
[13.097s]       |                                                             [32m[K;[m[K
[13.105s] [01m[K/home/fssja/turtlebot3_ws/src/robot_controller/src/publisher_cmd.cpp:34:62:[m[K [01;31m[Kerror: [m[Kâ€˜[01m[Kpublisher_[m[Kâ€™ does not name a type; did you mean â€˜[01m[Krmw_publisher_t[m[Kâ€™?
[13.105s]    34 | cpp::Publisher<geometry_msgs::msg::String>::SharedPtr [01;31m[Kpublisher_[m[K;
[13.106s]       |                                                       [01;31m[K^~~~~~~~~~[m[K
[13.106s]       |                                                       [32m[Krmw_publisher_t[m[K
[13.120s] [01m[K/home/fssja/turtlebot3_ws/src/robot_controller/src/publisher_cmd.cpp:[m[K In constructor â€˜[01m[KVelocityPublisher::VelocityPublisher()[m[Kâ€™:
[13.121s] [01m[K/home/fssja/turtlebot3_ws/src/robot_controller/src/publisher_cmd.cpp:20:7:[m[K [01;31m[Kerror: [m[Kâ€˜[01m[Kpublisher_[m[Kâ€™ was not declared in this scope; did you mean â€˜[01m[Krmw_publisher_t[m[Kâ€™?
[13.121s]    20 |       [01;31m[Kpublisher_[m[K = this->create_publisher<geometry_msgs::msg::Twist>("topic", 10);
[13.121s]       |       [01;31m[K^~~~~~~~~~[m[K
[13.121s]       |       [32m[Krmw_publisher_t[m[K
[13.158s] [01m[K/home/fssja/turtlebot3_ws/src/robot_controller/src/publisher_cmd.cpp:[m[K In member function â€˜[01m[Kvoid VelocityPublisher::timer_callback()[m[Kâ€™:
[13.158s] [01m[K/home/fssja/turtlebot3_ws/src/robot_controller/src/publisher_cmd.cpp:29:15:[m[K [01;31m[Kerror: [m[Kâ€˜[01m[Kstruct geometry_msgs::msg::Twist_<std::allocator<void> >[m[Kâ€™ has no member named â€˜[01m[Kdata[m[Kâ€™
[13.158s]    29 |       message.[01;31m[Kdata[m[K = "Hello, world! " + std::to_string(count_++);
[13.159s]       |               [01;31m[K^~~~[m[K
[13.160s] In file included from [01m[K/opt/ros/humble/include/rclcpp/rclcpp/logging.hpp:24[m[K,
[13.161s]                  from [01m[K/opt/ros/humble/include/rclcpp/rclcpp/client.hpp:40[m[K,
[13.161s]                  from [01m[K/opt/ros/humble/include/rclcpp/rclcpp/callback_group.hpp:24[m[K,
[13.161s]                  from [01m[K/opt/ros/humble/include/rclcpp/rclcpp/any_executable.hpp:20[m[K,
[13.161s]                  from [01m[K/opt/ros/humble/include/rclcpp/rclcpp/memory_strategy.hpp:25[m[K,
[13.162s]                  from [01m[K/opt/ros/humble/include/rclcpp/rclcpp/memory_strategies.hpp:18[m[K,
[13.162s]                  from [01m[K/opt/ros/humble/include/rclcpp/rclcpp/executor_options.hpp:20[m[K,
[13.162s]                  from [01m[K/opt/ros/humble/include/rclcpp/rclcpp/executor.hpp:37[m[K,
[13.163s]                  from [01m[K/opt/ros/humble/include/rclcpp/rclcpp/executors/multi_threaded_executor.hpp:25[m[K,
[13.163s]                  from [01m[K/opt/ros/humble/include/rclcpp/rclcpp/executors.hpp:21[m[K,
[13.163s]                  from [01m[K/opt/ros/humble/include/rclcpp/rclcpp/rclcpp.hpp:155[m[K,
[13.163s]                  from [01m[K/home/fssja/turtlebot3_ws/src/robot_controller/src/publisher_cmd.cpp:6[m[K:
[13.164s] [01m[K/home/fssja/turtlebot3_ws/src/robot_controller/src/publisher_cmd.cpp:30:67:[m[K [01;31m[Kerror: [m[Kâ€˜[01m[Kstruct geometry_msgs::msg::Twist_<std::allocator<void> >[m[Kâ€™ has no member named â€˜[01m[Kdata[m[Kâ€™
[13.164s]    30 | _INFO(this->get_logger(), "Publishing: '%s'", message.[01;31m[Kdata[m[K.c_str());
[13.164s]       |                                                       [01;31m[K^~~~[m[K
[13.164s] 
[13.180s] [01m[K/home/fssja/turtlebot3_ws/src/robot_controller/src/publisher_cmd.cpp:31:7:[m[K [01;31m[Kerror: [m[Kâ€˜[01m[Kpublisher_[m[Kâ€™ was not declared in this scope; did you mean â€˜[01m[Krmw_publisher_t[m[Kâ€™?
[13.180s]    31 |       [01;31m[Kpublisher_[m[K->publish(message);
[13.180s]       |       [01;31m[K^~~~~~~~~~[m[K
[13.180s]       |       [32m[Krmw_publisher_t[m[K
[15.542s] gmake[2]: *** [CMakeFiles/talker.dir/build.make:76: CMakeFiles/talker.dir/src/publisher_cmd.cpp.o] Error 1
[15.545s] gmake[1]: *** [CMakeFiles/Makefile2:139: CMakeFiles/talker.dir/all] Error 2
[15.545s] gmake: *** [Makefile:146: all] Error 2
[15.546s] Invoked command in '/home/fssja/turtlebot3_ws/build/robot_controller' returned '2': CMAKE_PREFIX_PATH=${CMAKE_PREFIX_PATH}:/opt/ros/humble /usr/bin/cmake --build /home/fssja/turtlebot3_ws/build/robot_controller -- -j2 -l2
