[0.033s] Invoking command in '/home/fssja/ros2-project/build/two_server_controllers': CMAKE_PREFIX_PATH=${CMAKE_PREFIX_PATH}:/home/fssja/turtlebot3_ws/install/turtlebot3_teleop:/home/fssja/turtlebot3_ws/install/turtlebot3_example:/opt/ros/humble /usr/bin/cmake --build /home/fssja/ros2-project/build/two_server_controllers -- -j2 -l2
[0.128s] [35m[1mConsolidate compiler generated dependencies of target go_to_goal[0m
[0.168s] [ 50%] [32mBuilding CXX object CMakeFiles/go_to_goal.dir/src/goto.cpp.o[0m
[5.751s] [01m[K/home/fssja/ros2-project/src/two_server_controllers/src/goto.cpp:[m[K In constructor â€˜[01m[KGoTo::GoTo()[m[Kâ€™:
[5.751s] [01m[K/home/fssja/ros2-project/src/two_server_controllers/src/goto.cpp:18:11:[m[K [01;31m[Kerror: [m[Kparse error in template argument list
[5.751s]    18 |     this->[01;31m[Kcreate_subscription<turtlesim::msg:::Pose>[m[K("/turtle1/pose", 10, std::bind(&GoTo::pose_callback, this, std::placeholders::_1));
[5.751s]       |           [01;31m[K^~~~~~~~~~~~~~~~~~~~~~~~~~~~~~~~~~~~~~~~~~[m[K
[5.763s] [01m[K/home/fssja/ros2-project/src/two_server_controllers/src/goto.cpp:18:53:[m[K [01;31m[Kerror: [m[Kno matching function for call to â€˜[01m[KGoTo::create_subscription<<expression error> >(const char [14], int, std::_Bind_helper<false, void (GoTo::*)(std::shared_ptr<turtlesim::msg::Pose_<std::allocator<void> > >), GoTo*, const std::_Placeholder<1>&>::type)[m[Kâ€™
[5.763s]    18 |     [01;31m[Kthis->create_subscription<turtlesim::msg:::Pose>("/turtle1/pose", 10, std::bind(&GoTo::pose_callback, this, std::placeholders::_1))[m[K;
[5.763s]       |     [01;31m[K~~~~~~~~~~~~~~~~~~~~~~~~~~~~~~~~~~~~~~~~~~~~~~~~^~~~~~~~~~~~~~~~~~~~~~~~~~~~~~~~~~~~~~~~~~~~~~~~~~~~~~~~~~~~~~~~~~~~~~~~~~~~~~~~~~~[m[K
[5.764s] In file included from [01m[K/opt/ros/humble/include/rclcpp/rclcpp/executors/single_threaded_executor.hpp:28[m[K,
[5.764s]                  from [01m[K/opt/ros/humble/include/rclcpp/rclcpp/executors.hpp:22[m[K,
[5.764s]                  from [01m[K/opt/ros/humble/include/rclcpp/rclcpp/rclcpp.hpp:155[m[K,
[5.764s]                  from [01m[K/home/fssja/ros2-project/src/two_server_controllers/src/goto.cpp:3[m[K:
[5.764s] [01m[K/opt/ros/humble/include/rclcpp/rclcpp/node.hpp:219:3:[m[K [01;36m[Knote: [m[Kcandidate: â€˜[01m[Ktemplate<class MessageT, class CallbackT, class AllocatorT, class SubscriptionT, class MessageMemoryStrategyT> std::shared_ptr<ROSMessageT> rclcpp::Node::create_subscription(const string&, const rclcpp::QoS&, CallbackT&&, const rclcpp::SubscriptionOptionsWithAllocator<AllocatorT>&, typename MessageMemoryStrategyT::SharedPtr)[m[Kâ€™
[5.765s]   219 |   [01;36m[Kcreate_subscription[m[K(
[5.765s]       |   [01;36m[K^~~~~~~~~~~~~~~~~~~[m[K
[5.765s] [01m[K/opt/ros/humble/include/rclcpp/rclcpp/node.hpp:219:3:[m[K [01;36m[Knote: [m[K  template argument deduction/substitution failed:
[5.765s] [01m[K/home/fssja/ros2-project/src/two_server_controllers/src/goto.cpp:18:53:[m[K [01;31m[Kerror: [m[Ktemplate argument 1 is invalid
[5.765s]    18 |     [01;31m[Kthis->create_subscription<turtlesim::msg:::Pose>("/turtle1/pose", 10, std::bind(&GoTo::pose_callback, this, std::placeholders::_1))[m[K;
[5.767s]       |     [01;31m[K~~~~~~~~~~~~~~~~~~~~~~~~~~~~~~~~~~~~~~~~~~~~~~~~^~~~~~~~~~~~~~~~~~~~~~~~~~~~~~~~~~~~~~~~~~~~~~~~~~~~~~~~~~~~~~~~~~~~~~~~~~~~~~~~~~~[m[K
[7.966s] gmake[2]: *** [CMakeFiles/go_to_goal.dir/build.make:76: CMakeFiles/go_to_goal.dir/src/goto.cpp.o] Error 1
[7.966s] gmake[1]: *** [CMakeFiles/Makefile2:137: CMakeFiles/go_to_goal.dir/all] Error 2
[7.966s] gmake: *** [Makefile:146: all] Error 2
[7.967s] Invoked command in '/home/fssja/ros2-project/build/two_server_controllers' returned '2': CMAKE_PREFIX_PATH=${CMAKE_PREFIX_PATH}:/home/fssja/turtlebot3_ws/install/turtlebot3_teleop:/home/fssja/turtlebot3_ws/install/turtlebot3_example:/opt/ros/humble /usr/bin/cmake --build /home/fssja/ros2-project/build/two_server_controllers -- -j2 -l2
