[01m[K/home/fssja/ros2-project/src/two_server_controllers/src/goto.cpp:[m[K In member function â€˜[01m[Kvoid GoToGoal::go_to_goal()[m[Kâ€™:
[01m[K/home/fssja/ros2-project/src/two_server_controllers/src/goto.cpp:56:5:[m[K [01;31m[Kerror: [m[Kâ€˜[01m[Kdistance_tolerance_1[m[Kâ€™ was not declared in this scope; did you mean â€˜[01m[Kdistance_tolerance_2[m[Kâ€™?
   56 |     [01;31m[Kdistance_tolerance_1[m[K = 0.5;
      |     [01;31m[K^~~~~~~~~~~~~~~~~~~~[m[K
      |     [32m[Kdistance_tolerance_2[m[K
[01m[K/home/fssja/ros2-project/src/two_server_controllers/src/goto.cpp:58:5:[m[K [01;31m[Kerror: [m[Kâ€˜[01m[Kangle_tolerance[m[Kâ€™ was not declared in this scope; did you mean â€˜[01m[Kangle_tolerance_1[m[Kâ€™?
   58 |     [01;31m[Kangle_tolerance[m[K = 0.1;
      |     [01;31m[K^~~~~~~~~~~~~~~[m[K
      |     [32m[Kangle_tolerance_1[m[K
gmake[2]: *** [CMakeFiles/go_to_goal.dir/build.make:76: CMakeFiles/go_to_goal.dir/src/goto.cpp.o] Error 1
gmake[1]: *** [CMakeFiles/Makefile2:137: CMakeFiles/go_to_goal.dir/all] Error 2
gmake: *** [Makefile:146: all] Error 2
