[0.028s] Invoking command in '/home/fssja/ros2-project/build/two_server_controllers': CMAKE_PREFIX_PATH=${CMAKE_PREFIX_PATH}:/home/fssja/turtlebot3_ws/install/turtlebot3_teleop:/home/fssja/turtlebot3_ws/install/turtlebot3_example:/opt/ros/humble /usr/bin/cmake --build /home/fssja/ros2-project/build/two_server_controllers -- -j2 -l2
[0.134s] [35m[1mConsolidate compiler generated dependencies of target go_to_goal[0m
[0.196s] [ 50%] [32mBuilding CXX object CMakeFiles/go_to_goal.dir/src/goto.cpp.o[0m
[6.992s] [01m[K/home/fssja/ros2-project/src/two_server_controllers/src/goto.cpp:[m[K In member function â€˜[01m[Kvoid GoToGoal::go_to_goal()[m[Kâ€™:
[6.993s] [01m[K/home/fssja/ros2-project/src/two_server_controllers/src/goto.cpp:81:14:[m[K [01;31m[Kerror: [m[Kexpected primary-expression before â€˜[01m[Kvoid[m[Kâ€™
[6.993s]    81 |       return [01;31m[Kvoid[m[K;
[6.993s]       |              [01;31m[K^~~~[m[K
[6.993s] [01m[K/home/fssja/ros2-project/src/two_server_controllers/src/goto.cpp:81:14:[m[K [01;31m[Kerror: [m[Kexpected â€˜[01m[K;[m[Kâ€™ before â€˜[01m[Kvoid[m[Kâ€™
[6.994s] [01m[K/home/fssja/ros2-project/src/two_server_controllers/src/goto.cpp:81:14:[m[K [01;31m[Kerror: [m[Kdeclaration does not declare anything [[01;31m[K]8;;https://gcc.gnu.org/onlinedocs/gcc/Warning-Options.html#index-fpermissive-fpermissive]8;;[m[K]
[12.958s] gmake[2]: *** [CMakeFiles/go_to_goal.dir/build.make:76: CMakeFiles/go_to_goal.dir/src/goto.cpp.o] Error 1
[12.958s] gmake[1]: *** [CMakeFiles/Makefile2:137: CMakeFiles/go_to_goal.dir/all] Error 2
[12.958s] gmake: *** [Makefile:146: all] Error 2
[12.962s] Invoked command in '/home/fssja/ros2-project/build/two_server_controllers' returned '2': CMAKE_PREFIX_PATH=${CMAKE_PREFIX_PATH}:/home/fssja/turtlebot3_ws/install/turtlebot3_teleop:/home/fssja/turtlebot3_ws/install/turtlebot3_example:/opt/ros/humble /usr/bin/cmake --build /home/fssja/ros2-project/build/two_server_controllers -- -j2 -l2
