-- Found ament_cmake: 1.3.8 (/opt/ros/humble/share/ament_cmake/cmake)
-- Found rclcpp: 16.0.8 (/opt/ros/humble/share/rclcpp/cmake)
-- Found rosidl_generator_c: 3.1.5 (/opt/ros/humble/share/rosidl_generator_c/cmake)
-- Found rosidl_adapter: 3.1.5 (/opt/ros/humble/share/rosidl_adapter/cmake)
-- Found rosidl_generator_cpp: 3.1.5 (/opt/ros/humble/share/rosidl_generator_cpp/cmake)
-- Using all available rosidl_typesupport_c: rosidl_typesupport_fastrtps_c;rosidl_typesupport_introspection_c
-- Using all available rosidl_typesupport_cpp: rosidl_typesupport_fastrtps_cpp;rosidl_typesupport_introspection_cpp
-- Found rmw_implementation_cmake: 6.1.1 (/opt/ros/humble/share/rmw_implementation_cmake/cmake)
-- Found rmw_fastrtps_cpp: 6.2.6 (/opt/ros/humble/share/rmw_fastrtps_cpp/cmake)
-- Using RMW implementation 'rmw_fastrtps_cpp' as default
-- Found nav_msgs: 4.2.3 (/opt/ros/humble/share/nav_msgs/cmake)
-- Configuring done
-- Generating done
-- Build files have been written to: /home/fssja/turtlebot3_ws/build/robot_controller
[35m[1mConsolidate compiler generated dependencies of target talker[0m
[35m[1mConsolidate compiler generated dependencies of target listener[0m
[ 16%] [32mBuilding CXX object CMakeFiles/talker.dir/src/publisher_cmd.cpp.o[0m
[ 50%] Built target listener
[ 66%] [32mBuilding CXX object CMakeFiles/random.dir/src/random.cpp.o[0m
[01m[K/home/fssja/turtlebot3_ws/src/robot_controller/src/random.cpp:[m[K In member function â€˜[01m[Kvoid RandomPublisher::timer_callback()[m[Kâ€™:
[01m[K/home/fssja/turtlebot3_ws/src/robot_controller/src/random.cpp:34:29:[m[K [01;31m[Kerror: [m[Kinvalid operands of types â€˜[01m[Kint[m[Kâ€™ and â€˜[01m[Kdouble[m[Kâ€™ to binary â€˜[01m[Koperator%[m[Kâ€™
   34 |       float random = [32m[Krand()[m[K [01;31m[K%[m[K [34m[K10.0[m[K + 1.0;
      |                      [32m[K~~~~~~[m[K [01;31m[K^[m[K [34m[K~~~~[m[K
      |                          [32m[K|[m[K    [34m[K|[m[K
      |                          [32m[Kint[m[K  [34m[Kdouble[m[K
gmake[2]: *** [CMakeFiles/random.dir/build.make:76: CMakeFiles/random.dir/src/random.cpp.o] Error 1
gmake[1]: *** [CMakeFiles/Makefile2:193: CMakeFiles/random.dir/all] Error 2
gmake[1]: *** Waiting for unfinished jobs....
[ 83%] [32m[1mLinking CXX executable talker[0m
[ 83%] Built target talker
gmake: *** [Makefile:146: all] Error 2
