[0.279s] Invoking command in '/home/fssja/turtlebot3_ws/build/robot_controller': CMAKE_PREFIX_PATH=${CMAKE_PREFIX_PATH}:/home/fssja/turtlebot3_ws/install/turtlebot3_teleop:/home/fssja/turtlebot3_ws/install/turtlebot3_example:/opt/ros/humble /usr/bin/cmake --build /home/fssja/turtlebot3_ws/build/robot_controller -- -j2 -l2
[0.337s] -- Found ament_cmake: 1.3.8 (/opt/ros/humble/share/ament_cmake/cmake)
[0.638s] -- Found rclcpp: 16.0.8 (/opt/ros/humble/share/rclcpp/cmake)
[0.708s] -- Found rosidl_generator_c: 3.1.5 (/opt/ros/humble/share/rosidl_generator_c/cmake)
[0.713s] -- Found rosidl_adapter: 3.1.5 (/opt/ros/humble/share/rosidl_adapter/cmake)
[0.729s] -- Found rosidl_generator_cpp: 3.1.5 (/opt/ros/humble/share/rosidl_generator_cpp/cmake)
[0.760s] -- Using all available rosidl_typesupport_c: rosidl_typesupport_fastrtps_c;rosidl_typesupport_introspection_c
[0.801s] -- Using all available rosidl_typesupport_cpp: rosidl_typesupport_fastrtps_cpp;rosidl_typesupport_introspection_cpp
[0.957s] -- Found rmw_implementation_cmake: 6.1.1 (/opt/ros/humble/share/rmw_implementation_cmake/cmake)
[0.962s] -- Found rmw_fastrtps_cpp: 6.2.6 (/opt/ros/humble/share/rmw_fastrtps_cpp/cmake)
[1.261s] -- Using RMW implementation 'rmw_fastrtps_cpp' as default
[1.676s] -- Found nav_msgs: 4.2.3 (/opt/ros/humble/share/nav_msgs/cmake)
[2.168s] -- Configuring done
[2.286s] -- Generating done
[2.292s] -- Build files have been written to: /home/fssja/turtlebot3_ws/build/robot_controller
[2.356s] [35m[1mConsolidate compiler generated dependencies of target talker[0m
[2.359s] [35m[1mConsolidate compiler generated dependencies of target listener[0m
[2.395s] [ 16%] [32mBuilding CXX object CMakeFiles/talker.dir/src/publisher_cmd.cpp.o[0m
[2.395s] [ 50%] Built target listener
[2.444s] [ 66%] [32mBuilding CXX object CMakeFiles/random.dir/src/random.cpp.o[0m
[12.066s] [01m[K/home/fssja/turtlebot3_ws/src/robot_controller/src/random.cpp:[m[K In member function â€˜[01m[Kvoid RandomPublisher::timer_callback()[m[Kâ€™:
[12.067s] [01m[K/home/fssja/turtlebot3_ws/src/robot_controller/src/random.cpp:34:29:[m[K [01;31m[Kerror: [m[Kinvalid operands of types â€˜[01m[Kint[m[Kâ€™ and â€˜[01m[Kdouble[m[Kâ€™ to binary â€˜[01m[Koperator%[m[Kâ€™
[12.067s]    34 |       float random = [32m[Krand()[m[K [01;31m[K%[m[K [34m[K10.0[m[K + 1.0;
[12.067s]       |                      [32m[K~~~~~~[m[K [01;31m[K^[m[K [34m[K~~~~[m[K
[12.067s]       |                          [32m[K|[m[K    [34m[K|[m[K
[12.067s]       |                          [32m[Kint[m[K  [34m[Kdouble[m[K
[16.603s] gmake[2]: *** [CMakeFiles/random.dir/build.make:76: CMakeFiles/random.dir/src/random.cpp.o] Error 1
[16.603s] gmake[1]: *** [CMakeFiles/Makefile2:193: CMakeFiles/random.dir/all] Error 2
[16.604s] gmake[1]: *** Waiting for unfinished jobs....
[19.628s] [ 83%] [32m[1mLinking CXX executable talker[0m
[20.351s] [ 83%] Built target talker
[20.363s] gmake: *** [Makefile:146: all] Error 2
[20.364s] Invoked command in '/home/fssja/turtlebot3_ws/build/robot_controller' returned '2': CMAKE_PREFIX_PATH=${CMAKE_PREFIX_PATH}:/home/fssja/turtlebot3_ws/install/turtlebot3_teleop:/home/fssja/turtlebot3_ws/install/turtlebot3_example:/opt/ros/humble /usr/bin/cmake --build /home/fssja/turtlebot3_ws/build/robot_controller -- -j2 -l2
