[01m[K/home/fssja/turtlebot3_ws/src/robot_controller/src/publisher_cmd.cpp:7:10:[m[K [01;31m[Kfatal error: [m[Kstd_msgs/msg/Twist.hpp: No such file or directory
    7 | #include [01;31m[K"std_msgs/msg/Twist.hpp"[m[K
      |          [01;31m[K^~~~~~~~~~~~~~~~~~~~~~~~[m[K
compilation terminated.
gmake[2]: *** [CMakeFiles/talker.dir/build.make:76: CMakeFiles/talker.dir/src/publisher_cmd.cpp.o] Error 1
gmake[1]: *** [CMakeFiles/Makefile2:139: CMakeFiles/talker.dir/all] Error 2
gmake: *** [Makefile:146: all] Error 2
